C:\USERS\ETHAN\DESKTOP\CPE 400 FINAL PROJECT\NS-3-WIN\WINDOWS\DEBUG\MYEXAMPLE.EXE
C:\USERS\ETHAN\DESKTOP\CPE 400 FINAL PROJECT\NS-3-WIN\WINDOWS\DEBUG\MYEXAMPLE.PDB
C:\Users\Ethan\Desktop\CPE 400 Final Project\ns-3-win\windows\MyExample\Debug\cl.command.1.tlog
C:\Users\Ethan\Desktop\CPE 400 Final Project\ns-3-win\windows\MyExample\Debug\CL.read.1.tlog
C:\Users\Ethan\Desktop\CPE 400 Final Project\ns-3-win\windows\MyExample\Debug\CL.write.1.tlog
C:\USERS\ETHAN\DESKTOP\CPE 400 FINAL PROJECT\NS-3-WIN\WINDOWS\MYEXAMPLE\DEBUG\HELLO-SIMULATOR.OBJ
C:\Users\Ethan\Desktop\CPE 400 Final Project\ns-3-win\windows\MyExample\Debug\link.command.1.tlog
C:\Users\Ethan\Desktop\CPE 400 Final Project\ns-3-win\windows\MyExample\Debug\link.read.1.tlog
C:\Users\Ethan\Desktop\CPE 400 Final Project\ns-3-win\windows\MyExample\Debug\link.write.1.tlog
C:\Users\Ethan\Desktop\CPE 400 Final Project\ns-3-win\windows\MyExample\Debug\mt.command.1.tlog
C:\Users\Ethan\Desktop\CPE 400 Final Project\ns-3-win\windows\MyExample\Debug\mt.read.1.tlog
C:\Users\Ethan\Desktop\CPE 400 Final Project\ns-3-win\windows\MyExample\Debug\mt.write.1.tlog
C:\Users\Ethan\Desktop\CPE 400 Final Project\ns-3-win\windows\MyExample\Debug\MyExample.exe.embed.manifest
C:\USERS\ETHAN\DESKTOP\CPE 400 FINAL PROJECT\NS-3-WIN\WINDOWS\MYEXAMPLE\DEBUG\MYEXAMPLE.EXE.EMBED.MANIFEST.RES
C:\USERS\ETHAN\DESKTOP\CPE 400 FINAL PROJECT\NS-3-WIN\WINDOWS\MYEXAMPLE\DEBUG\MYEXAMPLE.EXE.INTERMEDIATE.MANIFEST
C:\Users\Ethan\Desktop\CPE 400 Final Project\ns-3-win\windows\MyExample\Debug\MyExample.write.1.tlog
C:\Users\Ethan\Desktop\CPE 400 Final Project\ns-3-win\windows\MyExample\Debug\MyExample_manifest.rc
C:\Users\Ethan\Desktop\CPE 400 Final Project\ns-3-win\windows\MyExample\Debug\rc.command.1.tlog
C:\Users\Ethan\Desktop\CPE 400 Final Project\ns-3-win\windows\MyExample\Debug\rc.read.1.tlog
C:\Users\Ethan\Desktop\CPE 400 Final Project\ns-3-win\windows\MyExample\Debug\rc.write.1.tlog
C:\Users\Ethan\Desktop\CPE 400 Final Project\ns-3-win\windows\MyExample\Debug\vc100.idb
C:\USERS\ETHAN\DESKTOP\CPE 400 FINAL PROJECT\NS-3-WIN\WINDOWS\MYEXAMPLE\DEBUG\VC100.PDB
