Build started 4/26/2019 1:51:44 PM.
     1>Project "C:\Users\Ethan\Desktop\CPE 400 Final Project\ns-3-win\windows\mesh\mesh.vcxproj" on node 3 (build target(s)).
     1>InitializeBuildStatus:
         Creating "C:\Users\Ethan\Desktop\CPE 400 Final Project\ns-3-win\windows\Debug\mesh.unsuccessfulbuild" because "AlwaysCreate" was specified.
       ClCompile:
         All outputs are up-to-date.
       Lib:
         All outputs are up-to-date.
         mesh.vcxproj -> C:\Users\Ethan\Desktop\CPE 400 Final Project\ns-3-win\windows\Debug\mesh.lib
       PostBuildEvent:
         copy "C:\Users\Ethan\Desktop\CPE 400 Final Project\ns-3-win\windows\..\src\mesh\examples\*.cc"  "C:\Users\Ethan\Desktop\CPE 400 Final Project\ns-3-win\windows\examples_all"
         :VCEnd
         C:\Users\Ethan\Desktop\CPE 400 Final Project\ns-3-win\windows\..\src\mesh\examples\mesh.cc
                 1 file(s) copied.
       FinalizeBuildStatus:
         Deleting file "C:\Users\Ethan\Desktop\CPE 400 Final Project\ns-3-win\windows\Debug\mesh.unsuccessfulbuild".
         Touching "C:\Users\Ethan\Desktop\CPE 400 Final Project\ns-3-win\windows\Debug\mesh.lastbuildstate".
     1>Done Building Project "C:\Users\Ethan\Desktop\CPE 400 Final Project\ns-3-win\windows\mesh\mesh.vcxproj" (build target(s)).

Build succeeded.

Time Elapsed 00:00:00.17
