Build started 4/26/2019 1:51:43 PM.
     1>Project "C:\Users\Ethan\Desktop\CPE 400 Final Project\ns-3-win\windows\propagation\propagation.vcxproj" on node 4 (build target(s)).
     1>InitializeBuildStatus:
         Creating "C:\Users\Ethan\Desktop\CPE 400 Final Project\ns-3-win\windows\Debug\propagation.unsuccessfulbuild" because "AlwaysCreate" was specified.
       ClCompile:
         All outputs are up-to-date.
       Lib:
         All outputs are up-to-date.
         propagation.vcxproj -> C:\Users\Ethan\Desktop\CPE 400 Final Project\ns-3-win\windows\Debug\propagation.lib
       PostBuildEvent:
         copy "C:\Users\Ethan\Desktop\CPE 400 Final Project\ns-3-win\windows\..\src\propagation\examples\*.cc"  "C:\Users\Ethan\Desktop\CPE 400 Final Project\ns-3-win\windows\examples_all"
         :VCEnd
         C:\Users\Ethan\Desktop\CPE 400 Final Project\ns-3-win\windows\..\src\propagation\examples\main-propagation-loss.cc
                 1 file(s) copied.
       FinalizeBuildStatus:
         Deleting file "C:\Users\Ethan\Desktop\CPE 400 Final Project\ns-3-win\windows\Debug\propagation.unsuccessfulbuild".
         Touching "C:\Users\Ethan\Desktop\CPE 400 Final Project\ns-3-win\windows\Debug\propagation.lastbuildstate".
     1>Done Building Project "C:\Users\Ethan\Desktop\CPE 400 Final Project\ns-3-win\windows\propagation\propagation.vcxproj" (build target(s)).

Build succeeded.

Time Elapsed 00:00:00.10
