C:\USERS\ETHAN\DESKTOP\CPE 400 FINAL PROJECT\NS-3-WIN\WINDOWS\DEBUG\AARFCD-WIFI-MANAGER.OBJ
C:\USERS\ETHAN\DESKTOP\CPE 400 FINAL PROJECT\NS-3-WIN\WINDOWS\DEBUG\AARF-WIFI-MANAGER.OBJ
C:\USERS\ETHAN\DESKTOP\CPE 400 FINAL PROJECT\NS-3-WIN\WINDOWS\DEBUG\ACOUSTIC-MODEM-ENERGY-MODEL.OBJ
C:\USERS\ETHAN\DESKTOP\CPE 400 FINAL PROJECT\NS-3-WIN\WINDOWS\DEBUG\ACOUSTIC-MODEM-ENERGY-MODEL-HELPER.OBJ
C:\USERS\ETHAN\DESKTOP\CPE 400 FINAL PROJECT\NS-3-WIN\WINDOWS\DEBUG\ADDRESS.OBJ
C:\USERS\ETHAN\DESKTOP\CPE 400 FINAL PROJECT\NS-3-WIN\WINDOWS\DEBUG\ADDRESS-UTILS.OBJ
C:\USERS\ETHAN\DESKTOP\CPE 400 FINAL PROJECT\NS-3-WIN\WINDOWS\DEBUG\ADHOC-ALOHA-NOACK-IDEAL-PHY-HELPER.OBJ
C:\USERS\ETHAN\DESKTOP\CPE 400 FINAL PROJECT\NS-3-WIN\WINDOWS\DEBUG\ADHOC-WIFI-MAC.OBJ
C:\USERS\ETHAN\DESKTOP\CPE 400 FINAL PROJECT\NS-3-WIN\WINDOWS\DEBUG\AIRTIME-METRIC.OBJ
C:\USERS\ETHAN\DESKTOP\CPE 400 FINAL PROJECT\NS-3-WIN\WINDOWS\DEBUG\ALOHA-NOACK-MAC-HEADER.OBJ
C:\USERS\ETHAN\DESKTOP\CPE 400 FINAL PROJECT\NS-3-WIN\WINDOWS\DEBUG\ALOHA-NOACK-NET-DEVICE.OBJ
C:\USERS\ETHAN\DESKTOP\CPE 400 FINAL PROJECT\NS-3-WIN\WINDOWS\DEBUG\AMC-MODULE.OBJ
C:\USERS\ETHAN\DESKTOP\CPE 400 FINAL PROJECT\NS-3-WIN\WINDOWS\DEBUG\AMRR-WIFI-MANAGER.OBJ
C:\USERS\ETHAN\DESKTOP\CPE 400 FINAL PROJECT\NS-3-WIN\WINDOWS\DEBUG\AMSDU-SUBFRAME-HEADER.OBJ
C:\USERS\ETHAN\DESKTOP\CPE 400 FINAL PROJECT\NS-3-WIN\WINDOWS\DEBUG\ANIMATION-INTERFACE.OBJ
C:\USERS\ETHAN\DESKTOP\CPE 400 FINAL PROJECT\NS-3-WIN\WINDOWS\DEBUG\ANIMATION-INTERFACE-HELPER.OBJ
C:\USERS\ETHAN\DESKTOP\CPE 400 FINAL PROJECT\NS-3-WIN\WINDOWS\DEBUG\AODV.LIB
C:\Users\Ethan\Desktop\CPE 400 Final Project\ns-3-win\windows\Debug\aodv.write.1.tlog
C:\USERS\ETHAN\DESKTOP\CPE 400 FINAL PROJECT\NS-3-WIN\WINDOWS\DEBUG\AODV-DPD.OBJ
C:\USERS\ETHAN\DESKTOP\CPE 400 FINAL PROJECT\NS-3-WIN\WINDOWS\DEBUG\AODV-HELPER.OBJ
C:\USERS\ETHAN\DESKTOP\CPE 400 FINAL PROJECT\NS-3-WIN\WINDOWS\DEBUG\AODV-ID-CACHE.OBJ
C:\USERS\ETHAN\DESKTOP\CPE 400 FINAL PROJECT\NS-3-WIN\WINDOWS\DEBUG\AODV-NEIGHBOR.OBJ
C:\USERS\ETHAN\DESKTOP\CPE 400 FINAL PROJECT\NS-3-WIN\WINDOWS\DEBUG\AODV-PACKET.OBJ
C:\USERS\ETHAN\DESKTOP\CPE 400 FINAL PROJECT\NS-3-WIN\WINDOWS\DEBUG\AODV-ROUTING-PROTOCOL.OBJ
C:\USERS\ETHAN\DESKTOP\CPE 400 FINAL PROJECT\NS-3-WIN\WINDOWS\DEBUG\AODV-RQUEUE.OBJ
C:\USERS\ETHAN\DESKTOP\CPE 400 FINAL PROJECT\NS-3-WIN\WINDOWS\DEBUG\AODV-RTABLE.OBJ
C:\USERS\ETHAN\DESKTOP\CPE 400 FINAL PROJECT\NS-3-WIN\WINDOWS\DEBUG\APPLICATION.LIB
C:\USERS\ETHAN\DESKTOP\CPE 400 FINAL PROJECT\NS-3-WIN\WINDOWS\DEBUG\APPLICATION.OBJ
C:\Users\Ethan\Desktop\CPE 400 Final Project\ns-3-win\windows\Debug\application.write.1.tlog
C:\USERS\ETHAN\DESKTOP\CPE 400 FINAL PROJECT\NS-3-WIN\WINDOWS\DEBUG\APPLICATION-CONTAINER.OBJ
C:\USERS\ETHAN\DESKTOP\CPE 400 FINAL PROJECT\NS-3-WIN\WINDOWS\DEBUG\AP-WIFI-MAC.OBJ
C:\USERS\ETHAN\DESKTOP\CPE 400 FINAL PROJECT\NS-3-WIN\WINDOWS\DEBUG\ARF-WIFI-MANAGER.OBJ
C:\USERS\ETHAN\DESKTOP\CPE 400 FINAL PROJECT\NS-3-WIN\WINDOWS\DEBUG\ARP-CACHE.OBJ
C:\USERS\ETHAN\DESKTOP\CPE 400 FINAL PROJECT\NS-3-WIN\WINDOWS\DEBUG\ARP-HEADER.OBJ
C:\USERS\ETHAN\DESKTOP\CPE 400 FINAL PROJECT\NS-3-WIN\WINDOWS\DEBUG\ARP-L3-PROTOCOL.OBJ
C:\USERS\ETHAN\DESKTOP\CPE 400 FINAL PROJECT\NS-3-WIN\WINDOWS\DEBUG\ATHSTATS-HELPER.OBJ
C:\USERS\ETHAN\DESKTOP\CPE 400 FINAL PROJECT\NS-3-WIN\WINDOWS\DEBUG\ATTRIBUTE.OBJ
C:\USERS\ETHAN\DESKTOP\CPE 400 FINAL PROJECT\NS-3-WIN\WINDOWS\DEBUG\ATTRIBUTE-CONSTRUCTION-LIST.OBJ
C:\USERS\ETHAN\DESKTOP\CPE 400 FINAL PROJECT\NS-3-WIN\WINDOWS\DEBUG\BACKOFF.OBJ
C:\USERS\ETHAN\DESKTOP\CPE 400 FINAL PROJECT\NS-3-WIN\WINDOWS\DEBUG\BANDWIDTH-MANAGER.OBJ
C:\USERS\ETHAN\DESKTOP\CPE 400 FINAL PROJECT\NS-3-WIN\WINDOWS\DEBUG\BASIC-ENERGY-SOURCE.OBJ
C:\USERS\ETHAN\DESKTOP\CPE 400 FINAL PROJECT\NS-3-WIN\WINDOWS\DEBUG\BASIC-ENERGY-SOURCE-HELPER.OBJ
C:\USERS\ETHAN\DESKTOP\CPE 400 FINAL PROJECT\NS-3-WIN\WINDOWS\DEBUG\BEARER-QOS-PARAMETERS.OBJ
C:\USERS\ETHAN\DESKTOP\CPE 400 FINAL PROJECT\NS-3-WIN\WINDOWS\DEBUG\BLOCK-ACK-AGREEMENT.OBJ
C:\USERS\ETHAN\DESKTOP\CPE 400 FINAL PROJECT\NS-3-WIN\WINDOWS\DEBUG\BLOCK-ACK-CACHE.OBJ
C:\USERS\ETHAN\DESKTOP\CPE 400 FINAL PROJECT\NS-3-WIN\WINDOWS\DEBUG\BLOCK-ACK-MANAGER.OBJ
C:\USERS\ETHAN\DESKTOP\CPE 400 FINAL PROJECT\NS-3-WIN\WINDOWS\DEBUG\BOOLEAN.OBJ
C:\USERS\ETHAN\DESKTOP\CPE 400 FINAL PROJECT\NS-3-WIN\WINDOWS\DEBUG\BOX.OBJ
C:\USERS\ETHAN\DESKTOP\CPE 400 FINAL PROJECT\NS-3-WIN\WINDOWS\DEBUG\BREAKPOINT.OBJ
C:\USERS\ETHAN\DESKTOP\CPE 400 FINAL PROJECT\NS-3-WIN\WINDOWS\DEBUG\BRIDGE.LIB
C:\Users\Ethan\Desktop\CPE 400 Final Project\ns-3-win\windows\Debug\bridge.write.1.tlog
C:\USERS\ETHAN\DESKTOP\CPE 400 FINAL PROJECT\NS-3-WIN\WINDOWS\DEBUG\BRIDGE-CHANNEL.OBJ
C:\USERS\ETHAN\DESKTOP\CPE 400 FINAL PROJECT\NS-3-WIN\WINDOWS\DEBUG\BRIDGE-HELPER.OBJ
C:\USERS\ETHAN\DESKTOP\CPE 400 FINAL PROJECT\NS-3-WIN\WINDOWS\DEBUG\BRIDGE-NET-DEVICE.OBJ
C:\USERS\ETHAN\DESKTOP\CPE 400 FINAL PROJECT\NS-3-WIN\WINDOWS\DEBUG\BS-LINK-MANAGER.OBJ
C:\USERS\ETHAN\DESKTOP\CPE 400 FINAL PROJECT\NS-3-WIN\WINDOWS\DEBUG\BS-NET-DEVICE.OBJ
C:\USERS\ETHAN\DESKTOP\CPE 400 FINAL PROJECT\NS-3-WIN\WINDOWS\DEBUG\BS-SCHEDULER.OBJ
C:\USERS\ETHAN\DESKTOP\CPE 400 FINAL PROJECT\NS-3-WIN\WINDOWS\DEBUG\BS-SCHEDULER-RTPS.OBJ
C:\USERS\ETHAN\DESKTOP\CPE 400 FINAL PROJECT\NS-3-WIN\WINDOWS\DEBUG\BS-SCHEDULER-SIMPLE.OBJ
C:\USERS\ETHAN\DESKTOP\CPE 400 FINAL PROJECT\NS-3-WIN\WINDOWS\DEBUG\BS-SERVICE-FLOW-MANAGER.OBJ
C:\USERS\ETHAN\DESKTOP\CPE 400 FINAL PROJECT\NS-3-WIN\WINDOWS\DEBUG\BS-UPLINK-SCHEDULER.OBJ
C:\USERS\ETHAN\DESKTOP\CPE 400 FINAL PROJECT\NS-3-WIN\WINDOWS\DEBUG\BS-UPLINK-SCHEDULER-MBQOS.OBJ
C:\USERS\ETHAN\DESKTOP\CPE 400 FINAL PROJECT\NS-3-WIN\WINDOWS\DEBUG\BS-UPLINK-SCHEDULER-RTPS.OBJ
C:\USERS\ETHAN\DESKTOP\CPE 400 FINAL PROJECT\NS-3-WIN\WINDOWS\DEBUG\BS-UPLINK-SCHEDULER-SIMPLE.OBJ
C:\USERS\ETHAN\DESKTOP\CPE 400 FINAL PROJECT\NS-3-WIN\WINDOWS\DEBUG\BUFFER.OBJ
C:\USERS\ETHAN\DESKTOP\CPE 400 FINAL PROJECT\NS-3-WIN\WINDOWS\DEBUG\BULK-SEND-APPLICATION.OBJ
C:\USERS\ETHAN\DESKTOP\CPE 400 FINAL PROJECT\NS-3-WIN\WINDOWS\DEBUG\BULK-SEND-HELPER.OBJ
C:\USERS\ETHAN\DESKTOP\CPE 400 FINAL PROJECT\NS-3-WIN\WINDOWS\DEBUG\BURST-PROFILE-MANAGER.OBJ
C:\USERS\ETHAN\DESKTOP\CPE 400 FINAL PROJECT\NS-3-WIN\WINDOWS\DEBUG\BYTE-TAG-LIST.OBJ
C:\USERS\ETHAN\DESKTOP\CPE 400 FINAL PROJECT\NS-3-WIN\WINDOWS\DEBUG\CALENDAR-SCHEDULER.OBJ
C:\USERS\ETHAN\DESKTOP\CPE 400 FINAL PROJECT\NS-3-WIN\WINDOWS\DEBUG\CALLBACK.OBJ
C:\USERS\ETHAN\DESKTOP\CPE 400 FINAL PROJECT\NS-3-WIN\WINDOWS\DEBUG\CANDIDATE-QUEUE.OBJ
C:\USERS\ETHAN\DESKTOP\CPE 400 FINAL PROJECT\NS-3-WIN\WINDOWS\DEBUG\CAPABILITY-INFORMATION.OBJ
C:\USERS\ETHAN\DESKTOP\CPE 400 FINAL PROJECT\NS-3-WIN\WINDOWS\DEBUG\CARA-WIFI-MANAGER.OBJ
C:\USERS\ETHAN\DESKTOP\CPE 400 FINAL PROJECT\NS-3-WIN\WINDOWS\DEBUG\CHANNEL.OBJ
C:\USERS\ETHAN\DESKTOP\CPE 400 FINAL PROJECT\NS-3-WIN\WINDOWS\DEBUG\CHANNEL-LIST.OBJ
C:\USERS\ETHAN\DESKTOP\CPE 400 FINAL PROJECT\NS-3-WIN\WINDOWS\DEBUG\CHANNEL-REALIZATION.OBJ
C:\USERS\ETHAN\DESKTOP\CPE 400 FINAL PROJECT\NS-3-WIN\WINDOWS\DEBUG\CHEB_EVAL.OBJ
C:\USERS\ETHAN\DESKTOP\CPE 400 FINAL PROJECT\NS-3-WIN\WINDOWS\DEBUG\CHUNK.OBJ
C:\USERS\ETHAN\DESKTOP\CPE 400 FINAL PROJECT\NS-3-WIN\WINDOWS\DEBUG\CID.OBJ
C:\USERS\ETHAN\DESKTOP\CPE 400 FINAL PROJECT\NS-3-WIN\WINDOWS\DEBUG\CID-FACTORY.OBJ
C:\Users\Ethan\Desktop\CPE 400 Final Project\ns-3-win\windows\Debug\cl.command.1.tlog
C:\Users\Ethan\Desktop\CPE 400 Final Project\ns-3-win\windows\Debug\CL.read.1.tlog
C:\Users\Ethan\Desktop\CPE 400 Final Project\ns-3-win\windows\Debug\CL.write.1.tlog
C:\USERS\ETHAN\DESKTOP\CPE 400 FINAL PROJECT\NS-3-WIN\WINDOWS\DEBUG\CLICK.LIB
C:\Users\Ethan\Desktop\CPE 400 Final Project\ns-3-win\windows\Debug\click.write.1.tlog
C:\USERS\ETHAN\DESKTOP\CPE 400 FINAL PROJECT\NS-3-WIN\WINDOWS\DEBUG\CLICK-INTERNET-STACK-HELPER.OBJ
C:\USERS\ETHAN\DESKTOP\CPE 400 FINAL PROJECT\NS-3-WIN\WINDOWS\DEBUG\COMMAND-LINE.OBJ
C:\USERS\ETHAN\DESKTOP\CPE 400 FINAL PROJECT\NS-3-WIN\WINDOWS\DEBUG\CONFIG.OBJ
C:\USERS\ETHAN\DESKTOP\CPE 400 FINAL PROJECT\NS-3-WIN\WINDOWS\DEBUG\CONNECTION-MANAGER.OBJ
C:\USERS\ETHAN\DESKTOP\CPE 400 FINAL PROJECT\NS-3-WIN\WINDOWS\DEBUG\CONSTANT-ACCELERATION-MOBILITY-MODEL.OBJ
C:\USERS\ETHAN\DESKTOP\CPE 400 FINAL PROJECT\NS-3-WIN\WINDOWS\DEBUG\CONSTANT-POSITION-MOBILITY-MODEL.OBJ
C:\USERS\ETHAN\DESKTOP\CPE 400 FINAL PROJECT\NS-3-WIN\WINDOWS\DEBUG\CONSTANT-RATE-WIFI-MANAGER.OBJ
C:\USERS\ETHAN\DESKTOP\CPE 400 FINAL PROJECT\NS-3-WIN\WINDOWS\DEBUG\CONSTANT-VELOCITY-HELPER.OBJ
C:\USERS\ETHAN\DESKTOP\CPE 400 FINAL PROJECT\NS-3-WIN\WINDOWS\DEBUG\CONSTANT-VELOCITY-MOBILITY-MODEL.OBJ
C:\USERS\ETHAN\DESKTOP\CPE 400 FINAL PROJECT\NS-3-WIN\WINDOWS\DEBUG\CORE.LIB
C:\Users\Ethan\Desktop\CPE 400 Final Project\ns-3-win\windows\Debug\core.write.1.tlog
C:\USERS\ETHAN\DESKTOP\CPE 400 FINAL PROJECT\NS-3-WIN\WINDOWS\DEBUG\COST231-PROPAGATION-LOSS-MODEL.OBJ
C:\USERS\ETHAN\DESKTOP\CPE 400 FINAL PROJECT\NS-3-WIN\WINDOWS\DEBUG\CRC8.OBJ
C:\USERS\ETHAN\DESKTOP\CPE 400 FINAL PROJECT\NS-3-WIN\WINDOWS\DEBUG\CSMA.LIB
C:\Users\Ethan\Desktop\CPE 400 Final Project\ns-3-win\windows\Debug\csma.write.1.tlog
C:\USERS\ETHAN\DESKTOP\CPE 400 FINAL PROJECT\NS-3-WIN\WINDOWS\DEBUG\CSMA-CHANNEL.OBJ
C:\USERS\ETHAN\DESKTOP\CPE 400 FINAL PROJECT\NS-3-WIN\WINDOWS\DEBUG\CSMA-HELPER.OBJ
C:\USERS\ETHAN\DESKTOP\CPE 400 FINAL PROJECT\NS-3-WIN\WINDOWS\DEBUG\CSMA-LAYOUT.LIB
C:\Users\Ethan\Desktop\CPE 400 Final Project\ns-3-win\windows\Debug\csma-layout.write.1.tlog
C:\USERS\ETHAN\DESKTOP\CPE 400 FINAL PROJECT\NS-3-WIN\WINDOWS\DEBUG\CSMA-NET-DEVICE.OBJ
C:\USERS\ETHAN\DESKTOP\CPE 400 FINAL PROJECT\NS-3-WIN\WINDOWS\DEBUG\CSMA-STAR-HELPER.OBJ
C:\USERS\ETHAN\DESKTOP\CPE 400 FINAL PROJECT\NS-3-WIN\WINDOWS\DEBUG\CS-PARAMETERS.OBJ
C:\USERS\ETHAN\DESKTOP\CPE 400 FINAL PROJECT\NS-3-WIN\WINDOWS\DEBUG\CTRL-HEADERS.OBJ
C:\USERS\ETHAN\DESKTOP\CPE 400 FINAL PROJECT\NS-3-WIN\WINDOWS\DEBUG\DATA-CALCULATOR.OBJ
C:\USERS\ETHAN\DESKTOP\CPE 400 FINAL PROJECT\NS-3-WIN\WINDOWS\DEBUG\DATA-COLLECTOR.OBJ
C:\USERS\ETHAN\DESKTOP\CPE 400 FINAL PROJECT\NS-3-WIN\WINDOWS\DEBUG\DATA-OUTPUT-INTERFACE.OBJ
C:\USERS\ETHAN\DESKTOP\CPE 400 FINAL PROJECT\NS-3-WIN\WINDOWS\DEBUG\DATA-RATE.OBJ
C:\USERS\ETHAN\DESKTOP\CPE 400 FINAL PROJECT\NS-3-WIN\WINDOWS\DEBUG\DCA-TXOP.OBJ
C:\USERS\ETHAN\DESKTOP\CPE 400 FINAL PROJECT\NS-3-WIN\WINDOWS\DEBUG\DCF.OBJ
C:\USERS\ETHAN\DESKTOP\CPE 400 FINAL PROJECT\NS-3-WIN\WINDOWS\DEBUG\DCF-MANAGER.OBJ
C:\USERS\ETHAN\DESKTOP\CPE 400 FINAL PROJECT\NS-3-WIN\WINDOWS\DEBUG\DEFAULT-SIMULATOR-IMPL.OBJ
C:\USERS\ETHAN\DESKTOP\CPE 400 FINAL PROJECT\NS-3-WIN\WINDOWS\DEBUG\DELAY-JITTER-ESTIMATION.OBJ
C:\USERS\ETHAN\DESKTOP\CPE 400 FINAL PROJECT\NS-3-WIN\WINDOWS\DEBUG\DEVICE-ENERGY-MODEL.OBJ
C:\USERS\ETHAN\DESKTOP\CPE 400 FINAL PROJECT\NS-3-WIN\WINDOWS\DEBUG\DEVICE-ENERGY-MODEL-CONTAINER.OBJ
C:\USERS\ETHAN\DESKTOP\CPE 400 FINAL PROJECT\NS-3-WIN\WINDOWS\DEBUG\DISCRETE-TIME-LOSS-MODEL.OBJ
C:\USERS\ETHAN\DESKTOP\CPE 400 FINAL PROJECT\NS-3-WIN\WINDOWS\DEBUG\DISTRIBUTED-SIMULATOR-IMPL.OBJ
C:\USERS\ETHAN\DESKTOP\CPE 400 FINAL PROJECT\NS-3-WIN\WINDOWS\DEBUG\DL-MAC-MESSAGES.OBJ
C:\USERS\ETHAN\DESKTOP\CPE 400 FINAL PROJECT\NS-3-WIN\WINDOWS\DEBUG\DOT11S-INSTALLER.OBJ
C:\USERS\ETHAN\DESKTOP\CPE 400 FINAL PROJECT\NS-3-WIN\WINDOWS\DEBUG\DOT11S-MAC-HEADER.OBJ
C:\USERS\ETHAN\DESKTOP\CPE 400 FINAL PROJECT\NS-3-WIN\WINDOWS\DEBUG\DOUBLE.OBJ
C:\USERS\ETHAN\DESKTOP\CPE 400 FINAL PROJECT\NS-3-WIN\WINDOWS\DEBUG\DROP-TAIL-QUEUE.OBJ
C:\USERS\ETHAN\DESKTOP\CPE 400 FINAL PROJECT\NS-3-WIN\WINDOWS\DEBUG\DSDV.LIB
C:\Users\Ethan\Desktop\CPE 400 Final Project\ns-3-win\windows\Debug\dsdv.write.1.tlog
C:\USERS\ETHAN\DESKTOP\CPE 400 FINAL PROJECT\NS-3-WIN\WINDOWS\DEBUG\DSDV-HELPER.OBJ
C:\USERS\ETHAN\DESKTOP\CPE 400 FINAL PROJECT\NS-3-WIN\WINDOWS\DEBUG\DSDV-PACKET.OBJ
C:\USERS\ETHAN\DESKTOP\CPE 400 FINAL PROJECT\NS-3-WIN\WINDOWS\DEBUG\DSDV-PACKET-QUEUE.OBJ
C:\USERS\ETHAN\DESKTOP\CPE 400 FINAL PROJECT\NS-3-WIN\WINDOWS\DEBUG\DSDV-ROUTING-PROTOCOL.OBJ
C:\USERS\ETHAN\DESKTOP\CPE 400 FINAL PROJECT\NS-3-WIN\WINDOWS\DEBUG\DSDV-RTABLE.OBJ
C:\USERS\ETHAN\DESKTOP\CPE 400 FINAL PROJECT\NS-3-WIN\WINDOWS\DEBUG\DSSS-ERROR-RATE-MODEL.OBJ
C:\USERS\ETHAN\DESKTOP\CPE 400 FINAL PROJECT\NS-3-WIN\WINDOWS\DEBUG\EDCA-TXOP-N.OBJ
C:\USERS\ETHAN\DESKTOP\CPE 400 FINAL PROJECT\NS-3-WIN\WINDOWS\DEBUG\ENB-LTE-SPECTRUM-PHY.OBJ
C:\USERS\ETHAN\DESKTOP\CPE 400 FINAL PROJECT\NS-3-WIN\WINDOWS\DEBUG\ENB-MAC-ENTITY.OBJ
C:\USERS\ETHAN\DESKTOP\CPE 400 FINAL PROJECT\NS-3-WIN\WINDOWS\DEBUG\ENB-NET-DEVICE.OBJ
C:\USERS\ETHAN\DESKTOP\CPE 400 FINAL PROJECT\NS-3-WIN\WINDOWS\DEBUG\ENB-PHY.OBJ
C:\USERS\ETHAN\DESKTOP\CPE 400 FINAL PROJECT\NS-3-WIN\WINDOWS\DEBUG\ENERGY.LIB
C:\Users\Ethan\Desktop\CPE 400 Final Project\ns-3-win\windows\Debug\energy.write.1.tlog
C:\USERS\ETHAN\DESKTOP\CPE 400 FINAL PROJECT\NS-3-WIN\WINDOWS\DEBUG\ENERGY-MODEL-HELPER.OBJ
C:\USERS\ETHAN\DESKTOP\CPE 400 FINAL PROJECT\NS-3-WIN\WINDOWS\DEBUG\ENERGY-SOURCE.OBJ
C:\USERS\ETHAN\DESKTOP\CPE 400 FINAL PROJECT\NS-3-WIN\WINDOWS\DEBUG\ENERGY-SOURCE-CONTAINER.OBJ
C:\USERS\ETHAN\DESKTOP\CPE 400 FINAL PROJECT\NS-3-WIN\WINDOWS\DEBUG\ENUM.OBJ
C:\USERS\ETHAN\DESKTOP\CPE 400 FINAL PROJECT\NS-3-WIN\WINDOWS\DEBUG\ERFC.OBJ
C:\USERS\ETHAN\DESKTOP\CPE 400 FINAL PROJECT\NS-3-WIN\WINDOWS\DEBUG\ERROR.OBJ
C:\USERS\ETHAN\DESKTOP\CPE 400 FINAL PROJECT\NS-3-WIN\WINDOWS\DEBUG\ERROR-MODEL.OBJ
C:\USERS\ETHAN\DESKTOP\CPE 400 FINAL PROJECT\NS-3-WIN\WINDOWS\DEBUG\ERROR-RATE-MODEL.OBJ
C:\USERS\ETHAN\DESKTOP\CPE 400 FINAL PROJECT\NS-3-WIN\WINDOWS\DEBUG\ETHERNET-HEADER.OBJ
C:\USERS\ETHAN\DESKTOP\CPE 400 FINAL PROJECT\NS-3-WIN\WINDOWS\DEBUG\ETHERNET-TRAILER.OBJ
C:\USERS\ETHAN\DESKTOP\CPE 400 FINAL PROJECT\NS-3-WIN\WINDOWS\DEBUG\EVENT-GARBAGE-COLLECTOR.OBJ
C:\USERS\ETHAN\DESKTOP\CPE 400 FINAL PROJECT\NS-3-WIN\WINDOWS\DEBUG\EVENT-ID.OBJ
C:\USERS\ETHAN\DESKTOP\CPE 400 FINAL PROJECT\NS-3-WIN\WINDOWS\DEBUG\EVENT-IMPL.OBJ
C:\USERS\ETHAN\DESKTOP\CPE 400 FINAL PROJECT\NS-3-WIN\WINDOWS\DEBUG\FATAL-IMPL.OBJ
C:\USERS\ETHAN\DESKTOP\CPE 400 FINAL PROJECT\NS-3-WIN\WINDOWS\DEBUG\FLAME-HEADER.OBJ
C:\USERS\ETHAN\DESKTOP\CPE 400 FINAL PROJECT\NS-3-WIN\WINDOWS\DEBUG\FLAME-INSTALLER.OBJ
C:\USERS\ETHAN\DESKTOP\CPE 400 FINAL PROJECT\NS-3-WIN\WINDOWS\DEBUG\FLAME-PROTOCOL.OBJ
C:\USERS\ETHAN\DESKTOP\CPE 400 FINAL PROJECT\NS-3-WIN\WINDOWS\DEBUG\FLAME-PROTOCOL-MAC.OBJ
C:\USERS\ETHAN\DESKTOP\CPE 400 FINAL PROJECT\NS-3-WIN\WINDOWS\DEBUG\FLAME-RTABLE.OBJ
C:\USERS\ETHAN\DESKTOP\CPE 400 FINAL PROJECT\NS-3-WIN\WINDOWS\DEBUG\FLOW-CLASSIFIER.OBJ
C:\USERS\ETHAN\DESKTOP\CPE 400 FINAL PROJECT\NS-3-WIN\WINDOWS\DEBUG\FLOW-ID-TAG.OBJ
C:\USERS\ETHAN\DESKTOP\CPE 400 FINAL PROJECT\NS-3-WIN\WINDOWS\DEBUG\FLOW-MONITOR.LIB
C:\USERS\ETHAN\DESKTOP\CPE 400 FINAL PROJECT\NS-3-WIN\WINDOWS\DEBUG\FLOW-MONITOR.OBJ
C:\Users\Ethan\Desktop\CPE 400 Final Project\ns-3-win\windows\Debug\flow-monitor.write.1.tlog
C:\USERS\ETHAN\DESKTOP\CPE 400 FINAL PROJECT\NS-3-WIN\WINDOWS\DEBUG\FLOW-MONITOR-HELPER.OBJ
C:\USERS\ETHAN\DESKTOP\CPE 400 FINAL PROJECT\NS-3-WIN\WINDOWS\DEBUG\FLOW-PROBE.OBJ
C:\USERS\ETHAN\DESKTOP\CPE 400 FINAL PROJECT\NS-3-WIN\WINDOWS\DEBUG\FRIIS-SPECTRUM-PROPAGATION-LOSS.OBJ
C:\USERS\ETHAN\DESKTOP\CPE 400 FINAL PROJECT\NS-3-WIN\WINDOWS\DEBUG\GAUSS-MARKOV-MOBILITY-MODEL.OBJ
C:\USERS\ETHAN\DESKTOP\CPE 400 FINAL PROJECT\NS-3-WIN\WINDOWS\DEBUG\GLOBAL-ROUTE-MANAGER.OBJ
C:\USERS\ETHAN\DESKTOP\CPE 400 FINAL PROJECT\NS-3-WIN\WINDOWS\DEBUG\GLOBAL-ROUTE-MANAGER-IMPL.OBJ
C:\USERS\ETHAN\DESKTOP\CPE 400 FINAL PROJECT\NS-3-WIN\WINDOWS\DEBUG\GLOBAL-ROUTER-INTERFACE.OBJ
C:\USERS\ETHAN\DESKTOP\CPE 400 FINAL PROJECT\NS-3-WIN\WINDOWS\DEBUG\GLOBAL-VALUE.OBJ
C:\USERS\ETHAN\DESKTOP\CPE 400 FINAL PROJECT\NS-3-WIN\WINDOWS\DEBUG\GNUPLOT.OBJ
C:\USERS\ETHAN\DESKTOP\CPE 400 FINAL PROJECT\NS-3-WIN\WINDOWS\DEBUG\HALF-DUPLEX-IDEAL-PHY.OBJ
C:\USERS\ETHAN\DESKTOP\CPE 400 FINAL PROJECT\NS-3-WIN\WINDOWS\DEBUG\HEADER.OBJ
C:\USERS\ETHAN\DESKTOP\CPE 400 FINAL PROJECT\NS-3-WIN\WINDOWS\DEBUG\HEAP-SCHEDULER.OBJ
C:\USERS\ETHAN\DESKTOP\CPE 400 FINAL PROJECT\NS-3-WIN\WINDOWS\DEBUG\HIERARCHICAL-MOBILITY-MODEL.OBJ
C:\USERS\ETHAN\DESKTOP\CPE 400 FINAL PROJECT\NS-3-WIN\WINDOWS\DEBUG\HISTOGRAM.OBJ
C:\USERS\ETHAN\DESKTOP\CPE 400 FINAL PROJECT\NS-3-WIN\WINDOWS\DEBUG\HWMP-PROTOCOL.OBJ
C:\USERS\ETHAN\DESKTOP\CPE 400 FINAL PROJECT\NS-3-WIN\WINDOWS\DEBUG\HWMP-PROTOCOL-MAC.OBJ
C:\USERS\ETHAN\DESKTOP\CPE 400 FINAL PROJECT\NS-3-WIN\WINDOWS\DEBUG\HWMP-RTABLE.OBJ
C:\USERS\ETHAN\DESKTOP\CPE 400 FINAL PROJECT\NS-3-WIN\WINDOWS\DEBUG\HWMP-TAG.OBJ
C:\USERS\ETHAN\DESKTOP\CPE 400 FINAL PROJECT\NS-3-WIN\WINDOWS\DEBUG\ICMPV4.OBJ
C:\USERS\ETHAN\DESKTOP\CPE 400 FINAL PROJECT\NS-3-WIN\WINDOWS\DEBUG\ICMPV4-L4-PROTOCOL.OBJ
C:\USERS\ETHAN\DESKTOP\CPE 400 FINAL PROJECT\NS-3-WIN\WINDOWS\DEBUG\ICMPV6-HEADER.OBJ
C:\USERS\ETHAN\DESKTOP\CPE 400 FINAL PROJECT\NS-3-WIN\WINDOWS\DEBUG\ICMPV6-L4-PROTOCOL.OBJ
C:\USERS\ETHAN\DESKTOP\CPE 400 FINAL PROJECT\NS-3-WIN\WINDOWS\DEBUG\IDEAL-CONTROL-MESSAGES.OBJ
C:\USERS\ETHAN\DESKTOP\CPE 400 FINAL PROJECT\NS-3-WIN\WINDOWS\DEBUG\IDEAL-WIFI-MANAGER.OBJ
C:\USERS\ETHAN\DESKTOP\CPE 400 FINAL PROJECT\NS-3-WIN\WINDOWS\DEBUG\IE-DOT11S-BEACON-TIMING.OBJ
C:\USERS\ETHAN\DESKTOP\CPE 400 FINAL PROJECT\NS-3-WIN\WINDOWS\DEBUG\IE-DOT11S-CONFIGURATION.OBJ
C:\USERS\ETHAN\DESKTOP\CPE 400 FINAL PROJECT\NS-3-WIN\WINDOWS\DEBUG\IE-DOT11S-ID.OBJ
C:\USERS\ETHAN\DESKTOP\CPE 400 FINAL PROJECT\NS-3-WIN\WINDOWS\DEBUG\IE-DOT11S-METRIC-REPORT.OBJ
C:\USERS\ETHAN\DESKTOP\CPE 400 FINAL PROJECT\NS-3-WIN\WINDOWS\DEBUG\IE-DOT11S-PEERING-PROTOCOL.OBJ
C:\USERS\ETHAN\DESKTOP\CPE 400 FINAL PROJECT\NS-3-WIN\WINDOWS\DEBUG\IE-DOT11S-PEER-MANAGEMENT.OBJ
C:\USERS\ETHAN\DESKTOP\CPE 400 FINAL PROJECT\NS-3-WIN\WINDOWS\DEBUG\IE-DOT11S-PERR.OBJ
C:\USERS\ETHAN\DESKTOP\CPE 400 FINAL PROJECT\NS-3-WIN\WINDOWS\DEBUG\IE-DOT11S-PREP.OBJ
C:\USERS\ETHAN\DESKTOP\CPE 400 FINAL PROJECT\NS-3-WIN\WINDOWS\DEBUG\IE-DOT11S-PREQ.OBJ
C:\USERS\ETHAN\DESKTOP\CPE 400 FINAL PROJECT\NS-3-WIN\WINDOWS\DEBUG\IE-DOT11S-RANN.OBJ
C:\USERS\ETHAN\DESKTOP\CPE 400 FINAL PROJECT\NS-3-WIN\WINDOWS\DEBUG\INET6-SOCKET-ADDRESS.OBJ
C:\USERS\ETHAN\DESKTOP\CPE 400 FINAL PROJECT\NS-3-WIN\WINDOWS\DEBUG\INET-SOCKET-ADDRESS.OBJ
C:\USERS\ETHAN\DESKTOP\CPE 400 FINAL PROJECT\NS-3-WIN\WINDOWS\DEBUG\INET-TOPOLOGY-READER.OBJ
C:\USERS\ETHAN\DESKTOP\CPE 400 FINAL PROJECT\NS-3-WIN\WINDOWS\DEBUG\INT64X64.OBJ
C:\USERS\ETHAN\DESKTOP\CPE 400 FINAL PROJECT\NS-3-WIN\WINDOWS\DEBUG\INTEGER.OBJ
C:\USERS\ETHAN\DESKTOP\CPE 400 FINAL PROJECT\NS-3-WIN\WINDOWS\DEBUG\INTERFERENCE-HELPER.OBJ
C:\USERS\ETHAN\DESKTOP\CPE 400 FINAL PROJECT\NS-3-WIN\WINDOWS\DEBUG\INTERNET.LIB
C:\Users\Ethan\Desktop\CPE 400 Final Project\ns-3-win\windows\Debug\internet.write.1.tlog
C:\USERS\ETHAN\DESKTOP\CPE 400 FINAL PROJECT\NS-3-WIN\WINDOWS\DEBUG\INTERNET-STACK-HELPER.OBJ
C:\USERS\ETHAN\DESKTOP\CPE 400 FINAL PROJECT\NS-3-WIN\WINDOWS\DEBUG\INTERNET-TRACE-HELPER.OBJ
C:\USERS\ETHAN\DESKTOP\CPE 400 FINAL PROJECT\NS-3-WIN\WINDOWS\DEBUG\IPCS-CLASSIFIER.OBJ
C:\USERS\ETHAN\DESKTOP\CPE 400 FINAL PROJECT\NS-3-WIN\WINDOWS\DEBUG\IPCS-CLASSIFIER-RECORD.OBJ
C:\USERS\ETHAN\DESKTOP\CPE 400 FINAL PROJECT\NS-3-WIN\WINDOWS\DEBUG\IPV4.OBJ
C:\USERS\ETHAN\DESKTOP\CPE 400 FINAL PROJECT\NS-3-WIN\WINDOWS\DEBUG\IPV4-ADDRESS.OBJ
C:\USERS\ETHAN\DESKTOP\CPE 400 FINAL PROJECT\NS-3-WIN\WINDOWS\DEBUG\IPV4-ADDRESS-GENERATOR.OBJ
C:\USERS\ETHAN\DESKTOP\CPE 400 FINAL PROJECT\NS-3-WIN\WINDOWS\DEBUG\IPV4-ADDRESS-HELPER.OBJ
C:\USERS\ETHAN\DESKTOP\CPE 400 FINAL PROJECT\NS-3-WIN\WINDOWS\DEBUG\IPV4-CLICK-ROUTING.OBJ
C:\USERS\ETHAN\DESKTOP\CPE 400 FINAL PROJECT\NS-3-WIN\WINDOWS\DEBUG\IPV4-END-POINT.OBJ
C:\USERS\ETHAN\DESKTOP\CPE 400 FINAL PROJECT\NS-3-WIN\WINDOWS\DEBUG\IPV4-END-POINT-DEMUX.OBJ
C:\USERS\ETHAN\DESKTOP\CPE 400 FINAL PROJECT\NS-3-WIN\WINDOWS\DEBUG\IPV4-FLOW-CLASSIFIER.OBJ
C:\USERS\ETHAN\DESKTOP\CPE 400 FINAL PROJECT\NS-3-WIN\WINDOWS\DEBUG\IPV4-FLOW-PROBE.OBJ
C:\USERS\ETHAN\DESKTOP\CPE 400 FINAL PROJECT\NS-3-WIN\WINDOWS\DEBUG\IPV4-GLOBAL-ROUTING.OBJ
C:\USERS\ETHAN\DESKTOP\CPE 400 FINAL PROJECT\NS-3-WIN\WINDOWS\DEBUG\IPV4-GLOBAL-ROUTING-HELPER.OBJ
C:\USERS\ETHAN\DESKTOP\CPE 400 FINAL PROJECT\NS-3-WIN\WINDOWS\DEBUG\IPV4-HEADER.OBJ
C:\USERS\ETHAN\DESKTOP\CPE 400 FINAL PROJECT\NS-3-WIN\WINDOWS\DEBUG\IPV4-INTERFACE.OBJ
C:\USERS\ETHAN\DESKTOP\CPE 400 FINAL PROJECT\NS-3-WIN\WINDOWS\DEBUG\IPV4-INTERFACE-ADDRESS.OBJ
C:\USERS\ETHAN\DESKTOP\CPE 400 FINAL PROJECT\NS-3-WIN\WINDOWS\DEBUG\IPV4-INTERFACE-CONTAINER.OBJ
C:\USERS\ETHAN\DESKTOP\CPE 400 FINAL PROJECT\NS-3-WIN\WINDOWS\DEBUG\IPV4-L3-CLICK-PROTOCOL.OBJ
C:\USERS\ETHAN\DESKTOP\CPE 400 FINAL PROJECT\NS-3-WIN\WINDOWS\DEBUG\IPV4-L3-PROTOCOL.OBJ
C:\USERS\ETHAN\DESKTOP\CPE 400 FINAL PROJECT\NS-3-WIN\WINDOWS\DEBUG\IPV4-L4-PROTOCOL.OBJ
C:\USERS\ETHAN\DESKTOP\CPE 400 FINAL PROJECT\NS-3-WIN\WINDOWS\DEBUG\IPV4-LIST-ROUTING.OBJ
C:\USERS\ETHAN\DESKTOP\CPE 400 FINAL PROJECT\NS-3-WIN\WINDOWS\DEBUG\IPV4-LIST-ROUTING-HELPER.OBJ
C:\USERS\ETHAN\DESKTOP\CPE 400 FINAL PROJECT\NS-3-WIN\WINDOWS\DEBUG\IPV4-NIX-VECTOR-HELPER.OBJ
C:\USERS\ETHAN\DESKTOP\CPE 400 FINAL PROJECT\NS-3-WIN\WINDOWS\DEBUG\IPV4-NIX-VECTOR-ROUTING.OBJ
C:\USERS\ETHAN\DESKTOP\CPE 400 FINAL PROJECT\NS-3-WIN\WINDOWS\DEBUG\IPV4-PACKET-INFO-TAG.OBJ
C:\USERS\ETHAN\DESKTOP\CPE 400 FINAL PROJECT\NS-3-WIN\WINDOWS\DEBUG\IPV4-RAW-SOCKET-FACTORY.OBJ
C:\USERS\ETHAN\DESKTOP\CPE 400 FINAL PROJECT\NS-3-WIN\WINDOWS\DEBUG\IPV4-RAW-SOCKET-FACTORY-IMPL.OBJ
C:\USERS\ETHAN\DESKTOP\CPE 400 FINAL PROJECT\NS-3-WIN\WINDOWS\DEBUG\IPV4-RAW-SOCKET-IMPL.OBJ
C:\USERS\ETHAN\DESKTOP\CPE 400 FINAL PROJECT\NS-3-WIN\WINDOWS\DEBUG\IPV4-ROUTE.OBJ
C:\USERS\ETHAN\DESKTOP\CPE 400 FINAL PROJECT\NS-3-WIN\WINDOWS\DEBUG\IPV4-ROUTING-HELPER.OBJ
C:\USERS\ETHAN\DESKTOP\CPE 400 FINAL PROJECT\NS-3-WIN\WINDOWS\DEBUG\IPV4-ROUTING-PROTOCOL.OBJ
C:\USERS\ETHAN\DESKTOP\CPE 400 FINAL PROJECT\NS-3-WIN\WINDOWS\DEBUG\IPV4-ROUTING-TABLE-ENTRY.OBJ
C:\USERS\ETHAN\DESKTOP\CPE 400 FINAL PROJECT\NS-3-WIN\WINDOWS\DEBUG\IPV4-STATIC-ROUTING.OBJ
C:\USERS\ETHAN\DESKTOP\CPE 400 FINAL PROJECT\NS-3-WIN\WINDOWS\DEBUG\IPV4-STATIC-ROUTING-HELPER.OBJ
C:\USERS\ETHAN\DESKTOP\CPE 400 FINAL PROJECT\NS-3-WIN\WINDOWS\DEBUG\IPV6.OBJ
C:\USERS\ETHAN\DESKTOP\CPE 400 FINAL PROJECT\NS-3-WIN\WINDOWS\DEBUG\IPV6-ADDRESS.OBJ
C:\USERS\ETHAN\DESKTOP\CPE 400 FINAL PROJECT\NS-3-WIN\WINDOWS\DEBUG\IPV6-ADDRESS-HELPER.OBJ
C:\USERS\ETHAN\DESKTOP\CPE 400 FINAL PROJECT\NS-3-WIN\WINDOWS\DEBUG\IPV6-AUTOCONFIGURED-PREFIX.OBJ
C:\USERS\ETHAN\DESKTOP\CPE 400 FINAL PROJECT\NS-3-WIN\WINDOWS\DEBUG\IPV6-END-POINT.OBJ
C:\USERS\ETHAN\DESKTOP\CPE 400 FINAL PROJECT\NS-3-WIN\WINDOWS\DEBUG\IPV6-END-POINT-DEMUX.OBJ
C:\USERS\ETHAN\DESKTOP\CPE 400 FINAL PROJECT\NS-3-WIN\WINDOWS\DEBUG\IPV6-EXTENSION.OBJ
C:\USERS\ETHAN\DESKTOP\CPE 400 FINAL PROJECT\NS-3-WIN\WINDOWS\DEBUG\IPV6-EXTENSION-DEMUX.OBJ
C:\USERS\ETHAN\DESKTOP\CPE 400 FINAL PROJECT\NS-3-WIN\WINDOWS\DEBUG\IPV6-EXTENSION-HEADER.OBJ
C:\USERS\ETHAN\DESKTOP\CPE 400 FINAL PROJECT\NS-3-WIN\WINDOWS\DEBUG\IPV6-HEADER.OBJ
C:\USERS\ETHAN\DESKTOP\CPE 400 FINAL PROJECT\NS-3-WIN\WINDOWS\DEBUG\IPV6-INTERFACE.OBJ
C:\USERS\ETHAN\DESKTOP\CPE 400 FINAL PROJECT\NS-3-WIN\WINDOWS\DEBUG\IPV6-INTERFACE-ADDRESS.OBJ
C:\USERS\ETHAN\DESKTOP\CPE 400 FINAL PROJECT\NS-3-WIN\WINDOWS\DEBUG\IPV6-INTERFACE-CONTAINER.OBJ
C:\USERS\ETHAN\DESKTOP\CPE 400 FINAL PROJECT\NS-3-WIN\WINDOWS\DEBUG\IPV6-L3-PROTOCOL.OBJ
C:\USERS\ETHAN\DESKTOP\CPE 400 FINAL PROJECT\NS-3-WIN\WINDOWS\DEBUG\IPV6-L4-PROTOCOL.OBJ
C:\USERS\ETHAN\DESKTOP\CPE 400 FINAL PROJECT\NS-3-WIN\WINDOWS\DEBUG\IPV6-LIST-ROUTING.OBJ
C:\USERS\ETHAN\DESKTOP\CPE 400 FINAL PROJECT\NS-3-WIN\WINDOWS\DEBUG\IPV6-LIST-ROUTING-HELPER.OBJ
C:\USERS\ETHAN\DESKTOP\CPE 400 FINAL PROJECT\NS-3-WIN\WINDOWS\DEBUG\IPV6-OPTION.OBJ
C:\USERS\ETHAN\DESKTOP\CPE 400 FINAL PROJECT\NS-3-WIN\WINDOWS\DEBUG\IPV6-OPTION-DEMUX.OBJ
C:\USERS\ETHAN\DESKTOP\CPE 400 FINAL PROJECT\NS-3-WIN\WINDOWS\DEBUG\IPV6-OPTION-HEADER.OBJ
C:\USERS\ETHAN\DESKTOP\CPE 400 FINAL PROJECT\NS-3-WIN\WINDOWS\DEBUG\IPV6-PACKET-INFO-TAG.OBJ
C:\USERS\ETHAN\DESKTOP\CPE 400 FINAL PROJECT\NS-3-WIN\WINDOWS\DEBUG\IPV6-RAW-SOCKET-FACTORY.OBJ
C:\USERS\ETHAN\DESKTOP\CPE 400 FINAL PROJECT\NS-3-WIN\WINDOWS\DEBUG\IPV6-RAW-SOCKET-FACTORY-IMPL.OBJ
C:\USERS\ETHAN\DESKTOP\CPE 400 FINAL PROJECT\NS-3-WIN\WINDOWS\DEBUG\IPV6-RAW-SOCKET-IMPL.OBJ
C:\USERS\ETHAN\DESKTOP\CPE 400 FINAL PROJECT\NS-3-WIN\WINDOWS\DEBUG\IPV6-ROUTE.OBJ
C:\USERS\ETHAN\DESKTOP\CPE 400 FINAL PROJECT\NS-3-WIN\WINDOWS\DEBUG\IPV6-ROUTING-HELPER.OBJ
C:\USERS\ETHAN\DESKTOP\CPE 400 FINAL PROJECT\NS-3-WIN\WINDOWS\DEBUG\IPV6-ROUTING-PROTOCOL.OBJ
C:\USERS\ETHAN\DESKTOP\CPE 400 FINAL PROJECT\NS-3-WIN\WINDOWS\DEBUG\IPV6-ROUTING-TABLE-ENTRY.OBJ
C:\USERS\ETHAN\DESKTOP\CPE 400 FINAL PROJECT\NS-3-WIN\WINDOWS\DEBUG\IPV6-STATIC-ROUTING.OBJ
C:\USERS\ETHAN\DESKTOP\CPE 400 FINAL PROJECT\NS-3-WIN\WINDOWS\DEBUG\IPV6-STATIC-ROUTING-HELPER.OBJ
C:\USERS\ETHAN\DESKTOP\CPE 400 FINAL PROJECT\NS-3-WIN\WINDOWS\DEBUG\JAKES-FADING-LOSS-MODEL.OBJ
C:\USERS\ETHAN\DESKTOP\CPE 400 FINAL PROJECT\NS-3-WIN\WINDOWS\DEBUG\JAKES-PROPAGATION-LOSS-MODEL.OBJ
C:\Users\Ethan\Desktop\CPE 400 Final Project\ns-3-win\windows\Debug\lib.command.1.tlog
C:\Users\Ethan\Desktop\CPE 400 Final Project\ns-3-win\windows\Debug\Lib-link.read.1.tlog
C:\Users\Ethan\Desktop\CPE 400 Final Project\ns-3-win\windows\Debug\Lib-link.write.1.tlog
C:\USERS\ETHAN\DESKTOP\CPE 400 FINAL PROJECT\NS-3-WIN\WINDOWS\DEBUG\LI-ION-ENERGY-SOURCE.OBJ
C:\USERS\ETHAN\DESKTOP\CPE 400 FINAL PROJECT\NS-3-WIN\WINDOWS\DEBUG\LIST-SCHEDULER.OBJ
C:\USERS\ETHAN\DESKTOP\CPE 400 FINAL PROJECT\NS-3-WIN\WINDOWS\DEBUG\LLC-SNAP-HEADER.OBJ
C:\USERS\ETHAN\DESKTOP\CPE 400 FINAL PROJECT\NS-3-WIN\WINDOWS\DEBUG\LOG.OBJ
C:\USERS\ETHAN\DESKTOP\CPE 400 FINAL PROJECT\NS-3-WIN\WINDOWS\DEBUG\LOOPBACK-NET-DEVICE.OBJ
C:\USERS\ETHAN\DESKTOP\CPE 400 FINAL PROJECT\NS-3-WIN\WINDOWS\DEBUG\LTE.LIB
C:\Users\Ethan\Desktop\CPE 400 Final Project\ns-3-win\windows\Debug\lte.write.1.tlog
C:\USERS\ETHAN\DESKTOP\CPE 400 FINAL PROJECT\NS-3-WIN\WINDOWS\DEBUG\LTE-HELPER.OBJ
C:\USERS\ETHAN\DESKTOP\CPE 400 FINAL PROJECT\NS-3-WIN\WINDOWS\DEBUG\LTE-MAC-HEADER.OBJ
C:\USERS\ETHAN\DESKTOP\CPE 400 FINAL PROJECT\NS-3-WIN\WINDOWS\DEBUG\LTE-MAC-QUEUE.OBJ
C:\USERS\ETHAN\DESKTOP\CPE 400 FINAL PROJECT\NS-3-WIN\WINDOWS\DEBUG\LTE-NET-DEVICE.OBJ
C:\USERS\ETHAN\DESKTOP\CPE 400 FINAL PROJECT\NS-3-WIN\WINDOWS\DEBUG\LTE-PHY.OBJ
C:\USERS\ETHAN\DESKTOP\CPE 400 FINAL PROJECT\NS-3-WIN\WINDOWS\DEBUG\LTE-PROPAGATION-LOSS-MODEL.OBJ
C:\USERS\ETHAN\DESKTOP\CPE 400 FINAL PROJECT\NS-3-WIN\WINDOWS\DEBUG\LTE-SPECTRUM-PHY.OBJ
C:\USERS\ETHAN\DESKTOP\CPE 400 FINAL PROJECT\NS-3-WIN\WINDOWS\DEBUG\LTE-SPECTRUM-VALUE-HELPER.OBJ
C:\USERS\ETHAN\DESKTOP\CPE 400 FINAL PROJECT\NS-3-WIN\WINDOWS\DEBUG\MAC48-ADDRESS.OBJ
C:\USERS\ETHAN\DESKTOP\CPE 400 FINAL PROJECT\NS-3-WIN\WINDOWS\DEBUG\MAC64-ADDRESS.OBJ
C:\USERS\ETHAN\DESKTOP\CPE 400 FINAL PROJECT\NS-3-WIN\WINDOWS\DEBUG\MAC-ENTITY.OBJ
C:\USERS\ETHAN\DESKTOP\CPE 400 FINAL PROJECT\NS-3-WIN\WINDOWS\DEBUG\MAC-LOW.OBJ
C:\USERS\ETHAN\DESKTOP\CPE 400 FINAL PROJECT\NS-3-WIN\WINDOWS\DEBUG\MAC-MESSAGES.OBJ
C:\USERS\ETHAN\DESKTOP\CPE 400 FINAL PROJECT\NS-3-WIN\WINDOWS\DEBUG\MAC-RX-MIDDLE.OBJ
C:\USERS\ETHAN\DESKTOP\CPE 400 FINAL PROJECT\NS-3-WIN\WINDOWS\DEBUG\MAC-TX-MIDDLE.OBJ
C:\USERS\ETHAN\DESKTOP\CPE 400 FINAL PROJECT\NS-3-WIN\WINDOWS\DEBUG\MAKE-EVENT.OBJ
C:\USERS\ETHAN\DESKTOP\CPE 400 FINAL PROJECT\NS-3-WIN\WINDOWS\DEBUG\MAP-SCHEDULER.OBJ
C:\USERS\ETHAN\DESKTOP\CPE 400 FINAL PROJECT\NS-3-WIN\WINDOWS\DEBUG\MESH.LIB
C:\Users\Ethan\Desktop\CPE 400 Final Project\ns-3-win\windows\Debug\mesh.write.1.tlog
C:\USERS\ETHAN\DESKTOP\CPE 400 FINAL PROJECT\NS-3-WIN\WINDOWS\DEBUG\MESH-HELPER.OBJ
C:\USERS\ETHAN\DESKTOP\CPE 400 FINAL PROJECT\NS-3-WIN\WINDOWS\DEBUG\MESH-INFORMATION-ELEMENT-VECTOR.OBJ
C:\USERS\ETHAN\DESKTOP\CPE 400 FINAL PROJECT\NS-3-WIN\WINDOWS\DEBUG\MESH-L2-ROUTING-PROTOCOL.OBJ
C:\USERS\ETHAN\DESKTOP\CPE 400 FINAL PROJECT\NS-3-WIN\WINDOWS\DEBUG\MESH-POINT-DEVICE.OBJ
C:\USERS\ETHAN\DESKTOP\CPE 400 FINAL PROJECT\NS-3-WIN\WINDOWS\DEBUG\MESH-WIFI-BEACON.OBJ
C:\USERS\ETHAN\DESKTOP\CPE 400 FINAL PROJECT\NS-3-WIN\WINDOWS\DEBUG\MESH-WIFI-INTERFACE-MAC.OBJ
C:\USERS\ETHAN\DESKTOP\CPE 400 FINAL PROJECT\NS-3-WIN\WINDOWS\DEBUG\MGT-HEADERS.OBJ
C:\USERS\ETHAN\DESKTOP\CPE 400 FINAL PROJECT\NS-3-WIN\WINDOWS\DEBUG\MICROWAVE-OVEN-SPECTRUM-VALUE-HELPER.OBJ
C:\USERS\ETHAN\DESKTOP\CPE 400 FINAL PROJECT\NS-3-WIN\WINDOWS\DEBUG\MINSTREL-WIFI-MANAGER.OBJ
C:\USERS\ETHAN\DESKTOP\CPE 400 FINAL PROJECT\NS-3-WIN\WINDOWS\DEBUG\MOBILITY.LIB
C:\Users\Ethan\Desktop\CPE 400 Final Project\ns-3-win\windows\Debug\mobility.write.1.tlog
C:\USERS\ETHAN\DESKTOP\CPE 400 FINAL PROJECT\NS-3-WIN\WINDOWS\DEBUG\MOBILITY-HELPER.OBJ
C:\USERS\ETHAN\DESKTOP\CPE 400 FINAL PROJECT\NS-3-WIN\WINDOWS\DEBUG\MOBILITY-MODEL.OBJ
C:\USERS\ETHAN\DESKTOP\CPE 400 FINAL PROJECT\NS-3-WIN\WINDOWS\DEBUG\MPI.LIB
C:\Users\Ethan\Desktop\CPE 400 Final Project\ns-3-win\windows\Debug\mpi.write.1.tlog
C:\USERS\ETHAN\DESKTOP\CPE 400 FINAL PROJECT\NS-3-WIN\WINDOWS\DEBUG\MPI-INTERFACE.OBJ
C:\USERS\ETHAN\DESKTOP\CPE 400 FINAL PROJECT\NS-3-WIN\WINDOWS\DEBUG\MPI-RECEIVER.OBJ
C:\USERS\ETHAN\DESKTOP\CPE 400 FINAL PROJECT\NS-3-WIN\WINDOWS\DEBUG\MSDU-AGGREGATOR.OBJ
C:\USERS\ETHAN\DESKTOP\CPE 400 FINAL PROJECT\NS-3-WIN\WINDOWS\DEBUG\MSDU-STANDARD-AGGREGATOR.OBJ
C:\USERS\ETHAN\DESKTOP\CPE 400 FINAL PROJECT\NS-3-WIN\WINDOWS\DEBUG\MULTI-MODEL-SPECTRUM-CHANNEL.OBJ
C:\USERS\ETHAN\DESKTOP\CPE 400 FINAL PROJECT\NS-3-WIN\WINDOWS\DEBUG\NAMES.OBJ
C:\USERS\ETHAN\DESKTOP\CPE 400 FINAL PROJECT\NS-3-WIN\WINDOWS\DEBUG\NDISC-CACHE.OBJ
C:\USERS\ETHAN\DESKTOP\CPE 400 FINAL PROJECT\NS-3-WIN\WINDOWS\DEBUG\NETANIM.LIB
C:\Users\Ethan\Desktop\CPE 400 Final Project\ns-3-win\windows\Debug\netanim.write.1.tlog
C:\USERS\ETHAN\DESKTOP\CPE 400 FINAL PROJECT\NS-3-WIN\WINDOWS\DEBUG\NET-DEVICE.OBJ
C:\USERS\ETHAN\DESKTOP\CPE 400 FINAL PROJECT\NS-3-WIN\WINDOWS\DEBUG\NET-DEVICE-CONTAINER.OBJ
C:\USERS\ETHAN\DESKTOP\CPE 400 FINAL PROJECT\NS-3-WIN\WINDOWS\DEBUG\NETWORK.LIB
C:\Users\Ethan\Desktop\CPE 400 Final Project\ns-3-win\windows\Debug\network.write.1.tlog
C:\USERS\ETHAN\DESKTOP\CPE 400 FINAL PROJECT\NS-3-WIN\WINDOWS\DEBUG\NIST-ERROR-RATE-MODEL.OBJ
C:\USERS\ETHAN\DESKTOP\CPE 400 FINAL PROJECT\NS-3-WIN\WINDOWS\DEBUG\NIX-VECTOR.OBJ
C:\USERS\ETHAN\DESKTOP\CPE 400 FINAL PROJECT\NS-3-WIN\WINDOWS\DEBUG\NIX-VECTOR-ROUTING.LIB
C:\Users\Ethan\Desktop\CPE 400 Final Project\ns-3-win\windows\Debug\nix-vector-routing.write.1.tlog
C:\USERS\ETHAN\DESKTOP\CPE 400 FINAL PROJECT\NS-3-WIN\WINDOWS\DEBUG\NODE.OBJ
C:\USERS\ETHAN\DESKTOP\CPE 400 FINAL PROJECT\NS-3-WIN\WINDOWS\DEBUG\NODE-CONTAINER.OBJ
C:\USERS\ETHAN\DESKTOP\CPE 400 FINAL PROJECT\NS-3-WIN\WINDOWS\DEBUG\NODE-LIST.OBJ
C:\USERS\ETHAN\DESKTOP\CPE 400 FINAL PROJECT\NS-3-WIN\WINDOWS\DEBUG\NON-COMMUNICATING-NET-DEVICE.OBJ
C:\USERS\ETHAN\DESKTOP\CPE 400 FINAL PROJECT\NS-3-WIN\WINDOWS\DEBUG\NQOS-WIFI-MAC-HELPER.OBJ
C:\USERS\ETHAN\DESKTOP\CPE 400 FINAL PROJECT\NS-3-WIN\WINDOWS\DEBUG\NS2-CALENDAR-SCHEDULER.OBJ
C:\USERS\ETHAN\DESKTOP\CPE 400 FINAL PROJECT\NS-3-WIN\WINDOWS\DEBUG\NS2-MOBILITY-HELPER.OBJ
C:\USERS\ETHAN\DESKTOP\CPE 400 FINAL PROJECT\NS-3-WIN\WINDOWS\DEBUG\OBJECT.OBJ
C:\USERS\ETHAN\DESKTOP\CPE 400 FINAL PROJECT\NS-3-WIN\WINDOWS\DEBUG\OBJECT-BASE.OBJ
C:\USERS\ETHAN\DESKTOP\CPE 400 FINAL PROJECT\NS-3-WIN\WINDOWS\DEBUG\OBJECT-FACTORY.OBJ
C:\USERS\ETHAN\DESKTOP\CPE 400 FINAL PROJECT\NS-3-WIN\WINDOWS\DEBUG\OBJECT-PTR-CONTAINER.OBJ
C:\USERS\ETHAN\DESKTOP\CPE 400 FINAL PROJECT\NS-3-WIN\WINDOWS\DEBUG\OFDM-DOWNLINK-FRAME-PREFIX.OBJ
C:\USERS\ETHAN\DESKTOP\CPE 400 FINAL PROJECT\NS-3-WIN\WINDOWS\DEBUG\OLSR.LIB
C:\Users\Ethan\Desktop\CPE 400 Final Project\ns-3-win\windows\Debug\olsr.write.1.tlog
C:\USERS\ETHAN\DESKTOP\CPE 400 FINAL PROJECT\NS-3-WIN\WINDOWS\DEBUG\OLSR-HEADER.OBJ
C:\USERS\ETHAN\DESKTOP\CPE 400 FINAL PROJECT\NS-3-WIN\WINDOWS\DEBUG\OLSR-HELPER.OBJ
C:\USERS\ETHAN\DESKTOP\CPE 400 FINAL PROJECT\NS-3-WIN\WINDOWS\DEBUG\OLSR-ROUTING-PROTOCOL.OBJ
C:\USERS\ETHAN\DESKTOP\CPE 400 FINAL PROJECT\NS-3-WIN\WINDOWS\DEBUG\OLSR-STATE.OBJ
C:\USERS\ETHAN\DESKTOP\CPE 400 FINAL PROJECT\NS-3-WIN\WINDOWS\DEBUG\OMNET-DATA-OUTPUT.OBJ
C:\USERS\ETHAN\DESKTOP\CPE 400 FINAL PROJECT\NS-3-WIN\WINDOWS\DEBUG\ONOE-WIFI-MANAGER.OBJ
C:\USERS\ETHAN\DESKTOP\CPE 400 FINAL PROJECT\NS-3-WIN\WINDOWS\DEBUG\ONOFF-APPLICATION.OBJ
C:\USERS\ETHAN\DESKTOP\CPE 400 FINAL PROJECT\NS-3-WIN\WINDOWS\DEBUG\ON-OFF-HELPER.OBJ
C:\USERS\ETHAN\DESKTOP\CPE 400 FINAL PROJECT\NS-3-WIN\WINDOWS\DEBUG\OPENFLOW.LIB
C:\Users\Ethan\Desktop\CPE 400 Final Project\ns-3-win\windows\Debug\openflow.write.1.tlog
C:\USERS\ETHAN\DESKTOP\CPE 400 FINAL PROJECT\NS-3-WIN\WINDOWS\DEBUG\OPENFLOW-INTERFACE.OBJ
C:\USERS\ETHAN\DESKTOP\CPE 400 FINAL PROJECT\NS-3-WIN\WINDOWS\DEBUG\OPENFLOW-SWITCH-HELPER.OBJ
C:\USERS\ETHAN\DESKTOP\CPE 400 FINAL PROJECT\NS-3-WIN\WINDOWS\DEBUG\OPENFLOW-SWITCH-NET-DEVICE.OBJ
C:\USERS\ETHAN\DESKTOP\CPE 400 FINAL PROJECT\NS-3-WIN\WINDOWS\DEBUG\ORBIS-TOPOLOGY-READER.OBJ
C:\USERS\ETHAN\DESKTOP\CPE 400 FINAL PROJECT\NS-3-WIN\WINDOWS\DEBUG\ORIGINATOR-BLOCK-ACK-AGREEMENT.OBJ
C:\USERS\ETHAN\DESKTOP\CPE 400 FINAL PROJECT\NS-3-WIN\WINDOWS\DEBUG\OUTPUT-STREAM-WRAPPER.OBJ
C:\USERS\ETHAN\DESKTOP\CPE 400 FINAL PROJECT\NS-3-WIN\WINDOWS\DEBUG\PACKET.OBJ
C:\USERS\ETHAN\DESKTOP\CPE 400 FINAL PROJECT\NS-3-WIN\WINDOWS\DEBUG\PACKETBB.OBJ
C:\USERS\ETHAN\DESKTOP\CPE 400 FINAL PROJECT\NS-3-WIN\WINDOWS\DEBUG\PACKET-BURST.OBJ
C:\USERS\ETHAN\DESKTOP\CPE 400 FINAL PROJECT\NS-3-WIN\WINDOWS\DEBUG\PACKET-DATA-CALCULATORS.OBJ
C:\USERS\ETHAN\DESKTOP\CPE 400 FINAL PROJECT\NS-3-WIN\WINDOWS\DEBUG\PACKET-LOSS-COUNTER.OBJ
C:\USERS\ETHAN\DESKTOP\CPE 400 FINAL PROJECT\NS-3-WIN\WINDOWS\DEBUG\PACKET-METADATA.OBJ
C:\USERS\ETHAN\DESKTOP\CPE 400 FINAL PROJECT\NS-3-WIN\WINDOWS\DEBUG\PACKET-SCHEDULER.OBJ
C:\USERS\ETHAN\DESKTOP\CPE 400 FINAL PROJECT\NS-3-WIN\WINDOWS\DEBUG\PACKET-SINK.OBJ
C:\USERS\ETHAN\DESKTOP\CPE 400 FINAL PROJECT\NS-3-WIN\WINDOWS\DEBUG\PACKET-SINK-HELPER.OBJ
C:\USERS\ETHAN\DESKTOP\CPE 400 FINAL PROJECT\NS-3-WIN\WINDOWS\DEBUG\PACKET-SOCKET.OBJ
C:\USERS\ETHAN\DESKTOP\CPE 400 FINAL PROJECT\NS-3-WIN\WINDOWS\DEBUG\PACKET-SOCKET-ADDRESS.OBJ
C:\USERS\ETHAN\DESKTOP\CPE 400 FINAL PROJECT\NS-3-WIN\WINDOWS\DEBUG\PACKET-SOCKET-FACTORY.OBJ
C:\USERS\ETHAN\DESKTOP\CPE 400 FINAL PROJECT\NS-3-WIN\WINDOWS\DEBUG\PACKET-SOCKET-HELPER.OBJ
C:\USERS\ETHAN\DESKTOP\CPE 400 FINAL PROJECT\NS-3-WIN\WINDOWS\DEBUG\PACKET-TAG-LIST.OBJ
C:\USERS\ETHAN\DESKTOP\CPE 400 FINAL PROJECT\NS-3-WIN\WINDOWS\DEBUG\PATH-LOSS-MODEL.OBJ
C:\USERS\ETHAN\DESKTOP\CPE 400 FINAL PROJECT\NS-3-WIN\WINDOWS\DEBUG\PCAP-FILE.OBJ
C:\USERS\ETHAN\DESKTOP\CPE 400 FINAL PROJECT\NS-3-WIN\WINDOWS\DEBUG\PCAP-FILE-WRAPPER.OBJ
C:\USERS\ETHAN\DESKTOP\CPE 400 FINAL PROJECT\NS-3-WIN\WINDOWS\DEBUG\PEER-LINK.OBJ
C:\USERS\ETHAN\DESKTOP\CPE 400 FINAL PROJECT\NS-3-WIN\WINDOWS\DEBUG\PEER-LINK-FRAME.OBJ
C:\USERS\ETHAN\DESKTOP\CPE 400 FINAL PROJECT\NS-3-WIN\WINDOWS\DEBUG\PEER-MANAGEMENT-PROTOCOL.OBJ
C:\USERS\ETHAN\DESKTOP\CPE 400 FINAL PROJECT\NS-3-WIN\WINDOWS\DEBUG\PEER-MANAGEMENT-PROTOCOL-MAC.OBJ
C:\USERS\ETHAN\DESKTOP\CPE 400 FINAL PROJECT\NS-3-WIN\WINDOWS\DEBUG\PENDING-DATA.OBJ
C:\USERS\ETHAN\DESKTOP\CPE 400 FINAL PROJECT\NS-3-WIN\WINDOWS\DEBUG\PENETRATION-LOSS-MODEL.OBJ
C:\USERS\ETHAN\DESKTOP\CPE 400 FINAL PROJECT\NS-3-WIN\WINDOWS\DEBUG\PING6.OBJ
C:\USERS\ETHAN\DESKTOP\CPE 400 FINAL PROJECT\NS-3-WIN\WINDOWS\DEBUG\PING6-HELPER.OBJ
C:\USERS\ETHAN\DESKTOP\CPE 400 FINAL PROJECT\NS-3-WIN\WINDOWS\DEBUG\POINTER.OBJ
C:\USERS\ETHAN\DESKTOP\CPE 400 FINAL PROJECT\NS-3-WIN\WINDOWS\DEBUG\POINT-TO-POINT.LIB
C:\Users\Ethan\Desktop\CPE 400 Final Project\ns-3-win\windows\Debug\point-to-point.write.1.tlog
C:\USERS\ETHAN\DESKTOP\CPE 400 FINAL PROJECT\NS-3-WIN\WINDOWS\DEBUG\POINT-TO-POINT-CHANNEL.OBJ
C:\USERS\ETHAN\DESKTOP\CPE 400 FINAL PROJECT\NS-3-WIN\WINDOWS\DEBUG\POINT-TO-POINT-DUMBBELL.OBJ
C:\USERS\ETHAN\DESKTOP\CPE 400 FINAL PROJECT\NS-3-WIN\WINDOWS\DEBUG\POINT-TO-POINT-GRID.OBJ
C:\USERS\ETHAN\DESKTOP\CPE 400 FINAL PROJECT\NS-3-WIN\WINDOWS\DEBUG\POINT-TO-POINT-HELPER.OBJ
C:\USERS\ETHAN\DESKTOP\CPE 400 FINAL PROJECT\NS-3-WIN\WINDOWS\DEBUG\POINT-TO-POINT-LAYOUT.LIB
C:\Users\Ethan\Desktop\CPE 400 Final Project\ns-3-win\windows\Debug\point-to-point-layout.write.1.tlog
C:\USERS\ETHAN\DESKTOP\CPE 400 FINAL PROJECT\NS-3-WIN\WINDOWS\DEBUG\POINT-TO-POINT-NET-DEVICE.OBJ
C:\USERS\ETHAN\DESKTOP\CPE 400 FINAL PROJECT\NS-3-WIN\WINDOWS\DEBUG\POINT-TO-POINT-REMOTE-CHANNEL.OBJ
C:\USERS\ETHAN\DESKTOP\CPE 400 FINAL PROJECT\NS-3-WIN\WINDOWS\DEBUG\POINT-TO-POINT-STAR.OBJ
C:\USERS\ETHAN\DESKTOP\CPE 400 FINAL PROJECT\NS-3-WIN\WINDOWS\DEBUG\POSITION-ALLOCATOR.OBJ
C:\USERS\ETHAN\DESKTOP\CPE 400 FINAL PROJECT\NS-3-WIN\WINDOWS\DEBUG\PPP-HEADER.OBJ
C:\USERS\ETHAN\DESKTOP\CPE 400 FINAL PROJECT\NS-3-WIN\WINDOWS\DEBUG\PROPAGATION.LIB
C:\Users\Ethan\Desktop\CPE 400 Final Project\ns-3-win\windows\Debug\propagation.write.1.tlog
C:\USERS\ETHAN\DESKTOP\CPE 400 FINAL PROJECT\NS-3-WIN\WINDOWS\DEBUG\PROPAGATION-DELAY-MODEL.OBJ
C:\USERS\ETHAN\DESKTOP\CPE 400 FINAL PROJECT\NS-3-WIN\WINDOWS\DEBUG\PROPAGATION-LOSS-MODEL.OBJ
C:\USERS\ETHAN\DESKTOP\CPE 400 FINAL PROJECT\NS-3-WIN\WINDOWS\DEBUG\QOS-BLOCKED-DESTINATIONS.OBJ
C:\USERS\ETHAN\DESKTOP\CPE 400 FINAL PROJECT\NS-3-WIN\WINDOWS\DEBUG\QOS-TAG.OBJ
C:\USERS\ETHAN\DESKTOP\CPE 400 FINAL PROJECT\NS-3-WIN\WINDOWS\DEBUG\QOS-UTILS.OBJ
C:\USERS\ETHAN\DESKTOP\CPE 400 FINAL PROJECT\NS-3-WIN\WINDOWS\DEBUG\QOS-WIFI-MAC-HELPER.OBJ
C:\USERS\ETHAN\DESKTOP\CPE 400 FINAL PROJECT\NS-3-WIN\WINDOWS\DEBUG\QUEUE.OBJ
C:\USERS\ETHAN\DESKTOP\CPE 400 FINAL PROJECT\NS-3-WIN\WINDOWS\DEBUG\RADIO-BEARER-INSTANCE.OBJ
C:\USERS\ETHAN\DESKTOP\CPE 400 FINAL PROJECT\NS-3-WIN\WINDOWS\DEBUG\RADIOTAP-HEADER.OBJ
C:\USERS\ETHAN\DESKTOP\CPE 400 FINAL PROJECT\NS-3-WIN\WINDOWS\DEBUG\RADVD.OBJ
C:\USERS\ETHAN\DESKTOP\CPE 400 FINAL PROJECT\NS-3-WIN\WINDOWS\DEBUG\RADVD-INTERFACE.OBJ
C:\USERS\ETHAN\DESKTOP\CPE 400 FINAL PROJECT\NS-3-WIN\WINDOWS\DEBUG\RADVD-PREFIX.OBJ
C:\USERS\ETHAN\DESKTOP\CPE 400 FINAL PROJECT\NS-3-WIN\WINDOWS\DEBUG\RANDOM-DIRECTION-2D-MOBILITY-MODEL.OBJ
C:\USERS\ETHAN\DESKTOP\CPE 400 FINAL PROJECT\NS-3-WIN\WINDOWS\DEBUG\RANDOM-STREAM.OBJ
C:\USERS\ETHAN\DESKTOP\CPE 400 FINAL PROJECT\NS-3-WIN\WINDOWS\DEBUG\RANDOM-VARIABLE.OBJ
C:\USERS\ETHAN\DESKTOP\CPE 400 FINAL PROJECT\NS-3-WIN\WINDOWS\DEBUG\RANDOM-WALK-2D-MOBILITY-MODEL.OBJ
C:\USERS\ETHAN\DESKTOP\CPE 400 FINAL PROJECT\NS-3-WIN\WINDOWS\DEBUG\RANDOM-WAYPOINT-MOBILITY-MODEL.OBJ
C:\USERS\ETHAN\DESKTOP\CPE 400 FINAL PROJECT\NS-3-WIN\WINDOWS\DEBUG\RECTANGLE.OBJ
C:\USERS\ETHAN\DESKTOP\CPE 400 FINAL PROJECT\NS-3-WIN\WINDOWS\DEBUG\REF-COUNT-BASE.OBJ
C:\USERS\ETHAN\DESKTOP\CPE 400 FINAL PROJECT\NS-3-WIN\WINDOWS\DEBUG\REGULAR-WIFI-MAC.OBJ
C:\USERS\ETHAN\DESKTOP\CPE 400 FINAL PROJECT\NS-3-WIN\WINDOWS\DEBUG\RLC-ENTITY.OBJ
C:\USERS\ETHAN\DESKTOP\CPE 400 FINAL PROJECT\NS-3-WIN\WINDOWS\DEBUG\RNG-STREAM.OBJ
C:\USERS\ETHAN\DESKTOP\CPE 400 FINAL PROJECT\NS-3-WIN\WINDOWS\DEBUG\RRAA-WIFI-MANAGER.OBJ
C:\USERS\ETHAN\DESKTOP\CPE 400 FINAL PROJECT\NS-3-WIN\WINDOWS\DEBUG\RRC-ENTITY.OBJ
C:\USERS\ETHAN\DESKTOP\CPE 400 FINAL PROJECT\NS-3-WIN\WINDOWS\DEBUG\RTT-ESTIMATOR.OBJ
C:\USERS\ETHAN\DESKTOP\CPE 400 FINAL PROJECT\NS-3-WIN\WINDOWS\DEBUG\RV-BATTERY-MODEL.OBJ
C:\USERS\ETHAN\DESKTOP\CPE 400 FINAL PROJECT\NS-3-WIN\WINDOWS\DEBUG\RV-BATTERY-MODEL-HELPER.OBJ
C:\USERS\ETHAN\DESKTOP\CPE 400 FINAL PROJECT\NS-3-WIN\WINDOWS\DEBUG\SCHEDULER.OBJ
C:\USERS\ETHAN\DESKTOP\CPE 400 FINAL PROJECT\NS-3-WIN\WINDOWS\DEBUG\SEND-PARAMS.OBJ
C:\USERS\ETHAN\DESKTOP\CPE 400 FINAL PROJECT\NS-3-WIN\WINDOWS\DEBUG\SEQ-TS-HEADER.OBJ
C:\USERS\ETHAN\DESKTOP\CPE 400 FINAL PROJECT\NS-3-WIN\WINDOWS\DEBUG\SERVICE-FLOW.OBJ
C:\USERS\ETHAN\DESKTOP\CPE 400 FINAL PROJECT\NS-3-WIN\WINDOWS\DEBUG\SERVICE-FLOW-MANAGER.OBJ
C:\USERS\ETHAN\DESKTOP\CPE 400 FINAL PROJECT\NS-3-WIN\WINDOWS\DEBUG\SERVICE-FLOW-RECORD.OBJ
C:\USERS\ETHAN\DESKTOP\CPE 400 FINAL PROJECT\NS-3-WIN\WINDOWS\DEBUG\SHADOWING-LOSS-MODEL.OBJ
C:\USERS\ETHAN\DESKTOP\CPE 400 FINAL PROJECT\NS-3-WIN\WINDOWS\DEBUG\SIMPLE-CHANNEL.OBJ
C:\USERS\ETHAN\DESKTOP\CPE 400 FINAL PROJECT\NS-3-WIN\WINDOWS\DEBUG\SIMPLE-DEVICE-ENERGY-MODEL.OBJ
C:\USERS\ETHAN\DESKTOP\CPE 400 FINAL PROJECT\NS-3-WIN\WINDOWS\DEBUG\SIMPLE-NET-DEVICE.OBJ
C:\USERS\ETHAN\DESKTOP\CPE 400 FINAL PROJECT\NS-3-WIN\WINDOWS\DEBUG\SIMPLE-OFDM-SEND-PARAM.OBJ
C:\USERS\ETHAN\DESKTOP\CPE 400 FINAL PROJECT\NS-3-WIN\WINDOWS\DEBUG\SIMPLE-OFDM-WIMAX-CHANNEL.OBJ
C:\USERS\ETHAN\DESKTOP\CPE 400 FINAL PROJECT\NS-3-WIN\WINDOWS\DEBUG\SIMPLE-OFDM-WIMAX-PHY.OBJ
C:\USERS\ETHAN\DESKTOP\CPE 400 FINAL PROJECT\NS-3-WIN\WINDOWS\DEBUG\SIMPLE-PACKET-SCHEDULER.OBJ
C:\USERS\ETHAN\DESKTOP\CPE 400 FINAL PROJECT\NS-3-WIN\WINDOWS\DEBUG\SIMULATOR.OBJ
C:\USERS\ETHAN\DESKTOP\CPE 400 FINAL PROJECT\NS-3-WIN\WINDOWS\DEBUG\SIMULATOR-IMPL.OBJ
C:\USERS\ETHAN\DESKTOP\CPE 400 FINAL PROJECT\NS-3-WIN\WINDOWS\DEBUG\SINGLE-MODEL-SPECTRUM-CHANNEL.OBJ
C:\USERS\ETHAN\DESKTOP\CPE 400 FINAL PROJECT\NS-3-WIN\WINDOWS\DEBUG\SNR-TO-BLOCK-ERROR-RATE-MANAGER.OBJ
C:\USERS\ETHAN\DESKTOP\CPE 400 FINAL PROJECT\NS-3-WIN\WINDOWS\DEBUG\SNR-TO-BLOCK-ERROR-RATE-RECORD.OBJ
C:\USERS\ETHAN\DESKTOP\CPE 400 FINAL PROJECT\NS-3-WIN\WINDOWS\DEBUG\SOCKET.OBJ
C:\USERS\ETHAN\DESKTOP\CPE 400 FINAL PROJECT\NS-3-WIN\WINDOWS\DEBUG\SOCKET-FACTORY.OBJ
C:\USERS\ETHAN\DESKTOP\CPE 400 FINAL PROJECT\NS-3-WIN\WINDOWS\DEBUG\SPECTRUM.LIB
C:\Users\Ethan\Desktop\CPE 400 Final Project\ns-3-win\windows\Debug\spectrum.write.1.tlog
C:\USERS\ETHAN\DESKTOP\CPE 400 FINAL PROJECT\NS-3-WIN\WINDOWS\DEBUG\SPECTRUM-ANALYZER.OBJ
C:\USERS\ETHAN\DESKTOP\CPE 400 FINAL PROJECT\NS-3-WIN\WINDOWS\DEBUG\SPECTRUM-ANALYZER-HELPER.OBJ
C:\USERS\ETHAN\DESKTOP\CPE 400 FINAL PROJECT\NS-3-WIN\WINDOWS\DEBUG\SPECTRUM-CHANNEL.OBJ
C:\USERS\ETHAN\DESKTOP\CPE 400 FINAL PROJECT\NS-3-WIN\WINDOWS\DEBUG\SPECTRUM-CONVERTER.OBJ
C:\USERS\ETHAN\DESKTOP\CPE 400 FINAL PROJECT\NS-3-WIN\WINDOWS\DEBUG\SPECTRUM-ERROR-MODEL.OBJ
C:\USERS\ETHAN\DESKTOP\CPE 400 FINAL PROJECT\NS-3-WIN\WINDOWS\DEBUG\SPECTRUM-HELPER.OBJ
C:\USERS\ETHAN\DESKTOP\CPE 400 FINAL PROJECT\NS-3-WIN\WINDOWS\DEBUG\SPECTRUM-INTERFERENCE.OBJ
C:\USERS\ETHAN\DESKTOP\CPE 400 FINAL PROJECT\NS-3-WIN\WINDOWS\DEBUG\SPECTRUM-MODEL.OBJ
C:\USERS\ETHAN\DESKTOP\CPE 400 FINAL PROJECT\NS-3-WIN\WINDOWS\DEBUG\SPECTRUM-MODEL-300KHZ-300GHZ-LOG.OBJ
C:\USERS\ETHAN\DESKTOP\CPE 400 FINAL PROJECT\NS-3-WIN\WINDOWS\DEBUG\SPECTRUM-MODEL-ISM2400MHZ-RES1MHZ.OBJ
C:\USERS\ETHAN\DESKTOP\CPE 400 FINAL PROJECT\NS-3-WIN\WINDOWS\DEBUG\SPECTRUM-PHY.OBJ
C:\USERS\ETHAN\DESKTOP\CPE 400 FINAL PROJECT\NS-3-WIN\WINDOWS\DEBUG\SPECTRUM-PROPAGATION-LOSS-MODEL.OBJ
C:\USERS\ETHAN\DESKTOP\CPE 400 FINAL PROJECT\NS-3-WIN\WINDOWS\DEBUG\SPECTRUM-TYPE.OBJ
C:\USERS\ETHAN\DESKTOP\CPE 400 FINAL PROJECT\NS-3-WIN\WINDOWS\DEBUG\SPECTRUM-VALUE.OBJ
C:\USERS\ETHAN\DESKTOP\CPE 400 FINAL PROJECT\NS-3-WIN\WINDOWS\DEBUG\SSID.OBJ
C:\USERS\ETHAN\DESKTOP\CPE 400 FINAL PROJECT\NS-3-WIN\WINDOWS\DEBUG\SS-LINK-MANAGER.OBJ
C:\USERS\ETHAN\DESKTOP\CPE 400 FINAL PROJECT\NS-3-WIN\WINDOWS\DEBUG\SS-MANAGER.OBJ
C:\USERS\ETHAN\DESKTOP\CPE 400 FINAL PROJECT\NS-3-WIN\WINDOWS\DEBUG\SS-NET-DEVICE.OBJ
C:\USERS\ETHAN\DESKTOP\CPE 400 FINAL PROJECT\NS-3-WIN\WINDOWS\DEBUG\SS-RECORD.OBJ
C:\USERS\ETHAN\DESKTOP\CPE 400 FINAL PROJECT\NS-3-WIN\WINDOWS\DEBUG\SS-SCHEDULER.OBJ
C:\USERS\ETHAN\DESKTOP\CPE 400 FINAL PROJECT\NS-3-WIN\WINDOWS\DEBUG\SS-SERVICE-FLOW-MANAGER.OBJ
C:\USERS\ETHAN\DESKTOP\CPE 400 FINAL PROJECT\NS-3-WIN\WINDOWS\DEBUG\STATS.LIB
C:\Users\Ethan\Desktop\CPE 400 Final Project\ns-3-win\windows\Debug\stats.write.1.tlog
C:\USERS\ETHAN\DESKTOP\CPE 400 FINAL PROJECT\NS-3-WIN\WINDOWS\DEBUG\STATUS-CODE.OBJ
C:\USERS\ETHAN\DESKTOP\CPE 400 FINAL PROJECT\NS-3-WIN\WINDOWS\DEBUG\STA-WIFI-MAC.OBJ
C:\USERS\ETHAN\DESKTOP\CPE 400 FINAL PROJECT\NS-3-WIN\WINDOWS\DEBUG\STEADY-STATE-RANDOM-WAYPOINT-MOBILITY-MODEL.OBJ
C:\USERS\ETHAN\DESKTOP\CPE 400 FINAL PROJECT\NS-3-WIN\WINDOWS\DEBUG\STREAM.OBJ
C:\USERS\ETHAN\DESKTOP\CPE 400 FINAL PROJECT\NS-3-WIN\WINDOWS\DEBUG\STRING.OBJ
C:\USERS\ETHAN\DESKTOP\CPE 400 FINAL PROJECT\NS-3-WIN\WINDOWS\DEBUG\SUPPORTED-RATES.OBJ
C:\USERS\ETHAN\DESKTOP\CPE 400 FINAL PROJECT\NS-3-WIN\WINDOWS\DEBUG\SYNCHRONIZER.OBJ
C:\USERS\ETHAN\DESKTOP\CPE 400 FINAL PROJECT\NS-3-WIN\WINDOWS\DEBUG\TAG.OBJ
C:\USERS\ETHAN\DESKTOP\CPE 400 FINAL PROJECT\NS-3-WIN\WINDOWS\DEBUG\TAG-BUFFER.OBJ
C:\USERS\ETHAN\DESKTOP\CPE 400 FINAL PROJECT\NS-3-WIN\WINDOWS\DEBUG\TCP-HEADER.OBJ
C:\USERS\ETHAN\DESKTOP\CPE 400 FINAL PROJECT\NS-3-WIN\WINDOWS\DEBUG\TCP-L4-PROTOCOL.OBJ
C:\USERS\ETHAN\DESKTOP\CPE 400 FINAL PROJECT\NS-3-WIN\WINDOWS\DEBUG\TCP-NEWRENO.OBJ
C:\USERS\ETHAN\DESKTOP\CPE 400 FINAL PROJECT\NS-3-WIN\WINDOWS\DEBUG\TCP-RENO.OBJ
C:\USERS\ETHAN\DESKTOP\CPE 400 FINAL PROJECT\NS-3-WIN\WINDOWS\DEBUG\TCP-RFC793.OBJ
C:\USERS\ETHAN\DESKTOP\CPE 400 FINAL PROJECT\NS-3-WIN\WINDOWS\DEBUG\TCP-RX-BUFFER.OBJ
C:\USERS\ETHAN\DESKTOP\CPE 400 FINAL PROJECT\NS-3-WIN\WINDOWS\DEBUG\TCP-SOCKET.OBJ
C:\USERS\ETHAN\DESKTOP\CPE 400 FINAL PROJECT\NS-3-WIN\WINDOWS\DEBUG\TCP-SOCKET-BASE.OBJ
C:\USERS\ETHAN\DESKTOP\CPE 400 FINAL PROJECT\NS-3-WIN\WINDOWS\DEBUG\TCP-SOCKET-FACTORY.OBJ
C:\USERS\ETHAN\DESKTOP\CPE 400 FINAL PROJECT\NS-3-WIN\WINDOWS\DEBUG\TCP-SOCKET-FACTORY-IMPL.OBJ
C:\USERS\ETHAN\DESKTOP\CPE 400 FINAL PROJECT\NS-3-WIN\WINDOWS\DEBUG\TCP-TAHOE.OBJ
C:\USERS\ETHAN\DESKTOP\CPE 400 FINAL PROJECT\NS-3-WIN\WINDOWS\DEBUG\TCP-TX-BUFFER.OBJ
C:\USERS\ETHAN\DESKTOP\CPE 400 FINAL PROJECT\NS-3-WIN\WINDOWS\DEBUG\TIME.OBJ
C:\USERS\ETHAN\DESKTOP\CPE 400 FINAL PROJECT\NS-3-WIN\WINDOWS\DEBUG\TIME-DATA-CALCULATORS.OBJ
C:\USERS\ETHAN\DESKTOP\CPE 400 FINAL PROJECT\NS-3-WIN\WINDOWS\DEBUG\TIMER.OBJ
C:\USERS\ETHAN\DESKTOP\CPE 400 FINAL PROJECT\NS-3-WIN\WINDOWS\DEBUG\TOOLS.LIB
C:\Users\Ethan\Desktop\CPE 400 Final Project\ns-3-win\windows\Debug\tools.write.1.tlog
C:\USERS\ETHAN\DESKTOP\CPE 400 FINAL PROJECT\NS-3-WIN\WINDOWS\DEBUG\TOPOLOGY-READ.LIB
C:\Users\Ethan\Desktop\CPE 400 Final Project\ns-3-win\windows\Debug\topology-read.write.1.tlog
C:\USERS\ETHAN\DESKTOP\CPE 400 FINAL PROJECT\NS-3-WIN\WINDOWS\DEBUG\TOPOLOGY-READER.OBJ
C:\USERS\ETHAN\DESKTOP\CPE 400 FINAL PROJECT\NS-3-WIN\WINDOWS\DEBUG\TOPOLOGY-READER-HELPER.OBJ
C:\USERS\ETHAN\DESKTOP\CPE 400 FINAL PROJECT\NS-3-WIN\WINDOWS\DEBUG\TRACE-HELPER.OBJ
C:\USERS\ETHAN\DESKTOP\CPE 400 FINAL PROJECT\NS-3-WIN\WINDOWS\DEBUG\TRACE-SOURCE-ACCESSOR.OBJ
C:\USERS\ETHAN\DESKTOP\CPE 400 FINAL PROJECT\NS-3-WIN\WINDOWS\DEBUG\TRAILER.OBJ
C:\USERS\ETHAN\DESKTOP\CPE 400 FINAL PROJECT\NS-3-WIN\WINDOWS\DEBUG\TYPE-ID.OBJ
C:\USERS\ETHAN\DESKTOP\CPE 400 FINAL PROJECT\NS-3-WIN\WINDOWS\DEBUG\TYPE-NAME.OBJ
C:\USERS\ETHAN\DESKTOP\CPE 400 FINAL PROJECT\NS-3-WIN\WINDOWS\DEBUG\UAN.LIB
C:\Users\Ethan\Desktop\CPE 400 Final Project\ns-3-win\windows\Debug\uan.write.1.tlog
C:\USERS\ETHAN\DESKTOP\CPE 400 FINAL PROJECT\NS-3-WIN\WINDOWS\DEBUG\UAN-ADDRESS.OBJ
C:\USERS\ETHAN\DESKTOP\CPE 400 FINAL PROJECT\NS-3-WIN\WINDOWS\DEBUG\UAN-CHANNEL.OBJ
C:\USERS\ETHAN\DESKTOP\CPE 400 FINAL PROJECT\NS-3-WIN\WINDOWS\DEBUG\UAN-HEADER-COMMON.OBJ
C:\USERS\ETHAN\DESKTOP\CPE 400 FINAL PROJECT\NS-3-WIN\WINDOWS\DEBUG\UAN-HEADER-RC.OBJ
C:\USERS\ETHAN\DESKTOP\CPE 400 FINAL PROJECT\NS-3-WIN\WINDOWS\DEBUG\UAN-HELPER.OBJ
C:\USERS\ETHAN\DESKTOP\CPE 400 FINAL PROJECT\NS-3-WIN\WINDOWS\DEBUG\UAN-MAC.OBJ
C:\USERS\ETHAN\DESKTOP\CPE 400 FINAL PROJECT\NS-3-WIN\WINDOWS\DEBUG\UAN-MAC-ALOHA.OBJ
C:\USERS\ETHAN\DESKTOP\CPE 400 FINAL PROJECT\NS-3-WIN\WINDOWS\DEBUG\UAN-MAC-CW.OBJ
C:\USERS\ETHAN\DESKTOP\CPE 400 FINAL PROJECT\NS-3-WIN\WINDOWS\DEBUG\UAN-MAC-RC.OBJ
C:\USERS\ETHAN\DESKTOP\CPE 400 FINAL PROJECT\NS-3-WIN\WINDOWS\DEBUG\UAN-MAC-RC-GW.OBJ
C:\USERS\ETHAN\DESKTOP\CPE 400 FINAL PROJECT\NS-3-WIN\WINDOWS\DEBUG\UAN-NET-DEVICE.OBJ
C:\USERS\ETHAN\DESKTOP\CPE 400 FINAL PROJECT\NS-3-WIN\WINDOWS\DEBUG\UAN-NOISE-MODEL.OBJ
C:\USERS\ETHAN\DESKTOP\CPE 400 FINAL PROJECT\NS-3-WIN\WINDOWS\DEBUG\UAN-NOISE-MODEL-DEFAULT.OBJ
C:\USERS\ETHAN\DESKTOP\CPE 400 FINAL PROJECT\NS-3-WIN\WINDOWS\DEBUG\UAN-PHY.OBJ
C:\USERS\ETHAN\DESKTOP\CPE 400 FINAL PROJECT\NS-3-WIN\WINDOWS\DEBUG\UAN-PHY-DUAL.OBJ
C:\USERS\ETHAN\DESKTOP\CPE 400 FINAL PROJECT\NS-3-WIN\WINDOWS\DEBUG\UAN-PHY-GEN.OBJ
C:\USERS\ETHAN\DESKTOP\CPE 400 FINAL PROJECT\NS-3-WIN\WINDOWS\DEBUG\UAN-PROP-MODEL.OBJ
C:\USERS\ETHAN\DESKTOP\CPE 400 FINAL PROJECT\NS-3-WIN\WINDOWS\DEBUG\UAN-PROP-MODEL-IDEAL.OBJ
C:\USERS\ETHAN\DESKTOP\CPE 400 FINAL PROJECT\NS-3-WIN\WINDOWS\DEBUG\UAN-PROP-MODEL-THORP.OBJ
C:\USERS\ETHAN\DESKTOP\CPE 400 FINAL PROJECT\NS-3-WIN\WINDOWS\DEBUG\UAN-TRANSDUCER.OBJ
C:\USERS\ETHAN\DESKTOP\CPE 400 FINAL PROJECT\NS-3-WIN\WINDOWS\DEBUG\UAN-TRANSDUCER-HD.OBJ
C:\USERS\ETHAN\DESKTOP\CPE 400 FINAL PROJECT\NS-3-WIN\WINDOWS\DEBUG\UAN-TX-MODE.OBJ
C:\USERS\ETHAN\DESKTOP\CPE 400 FINAL PROJECT\NS-3-WIN\WINDOWS\DEBUG\UDP-CLIENT.OBJ
C:\USERS\ETHAN\DESKTOP\CPE 400 FINAL PROJECT\NS-3-WIN\WINDOWS\DEBUG\UDP-CLIENT-SERVER-HELPER.OBJ
C:\USERS\ETHAN\DESKTOP\CPE 400 FINAL PROJECT\NS-3-WIN\WINDOWS\DEBUG\UDP-ECHO-CLIENT.OBJ
C:\USERS\ETHAN\DESKTOP\CPE 400 FINAL PROJECT\NS-3-WIN\WINDOWS\DEBUG\UDP-ECHO-HELPER.OBJ
C:\USERS\ETHAN\DESKTOP\CPE 400 FINAL PROJECT\NS-3-WIN\WINDOWS\DEBUG\UDP-ECHO-SERVER.OBJ
C:\USERS\ETHAN\DESKTOP\CPE 400 FINAL PROJECT\NS-3-WIN\WINDOWS\DEBUG\UDP-HEADER.OBJ
C:\USERS\ETHAN\DESKTOP\CPE 400 FINAL PROJECT\NS-3-WIN\WINDOWS\DEBUG\UDP-L4-PROTOCOL.OBJ
C:\USERS\ETHAN\DESKTOP\CPE 400 FINAL PROJECT\NS-3-WIN\WINDOWS\DEBUG\UDP-SERVER.OBJ
C:\USERS\ETHAN\DESKTOP\CPE 400 FINAL PROJECT\NS-3-WIN\WINDOWS\DEBUG\UDP-SOCKET.OBJ
C:\USERS\ETHAN\DESKTOP\CPE 400 FINAL PROJECT\NS-3-WIN\WINDOWS\DEBUG\UDP-SOCKET-FACTORY.OBJ
C:\USERS\ETHAN\DESKTOP\CPE 400 FINAL PROJECT\NS-3-WIN\WINDOWS\DEBUG\UDP-SOCKET-FACTORY-IMPL.OBJ
C:\USERS\ETHAN\DESKTOP\CPE 400 FINAL PROJECT\NS-3-WIN\WINDOWS\DEBUG\UDP-SOCKET-IMPL.OBJ
C:\USERS\ETHAN\DESKTOP\CPE 400 FINAL PROJECT\NS-3-WIN\WINDOWS\DEBUG\UDP-TRACE-CLIENT.OBJ
C:\USERS\ETHAN\DESKTOP\CPE 400 FINAL PROJECT\NS-3-WIN\WINDOWS\DEBUG\UE-LTE-SPECTRUM-PHY.OBJ
C:\USERS\ETHAN\DESKTOP\CPE 400 FINAL PROJECT\NS-3-WIN\WINDOWS\DEBUG\UE-MAC-ENTITY.OBJ
C:\USERS\ETHAN\DESKTOP\CPE 400 FINAL PROJECT\NS-3-WIN\WINDOWS\DEBUG\UE-MANAGER.OBJ
C:\USERS\ETHAN\DESKTOP\CPE 400 FINAL PROJECT\NS-3-WIN\WINDOWS\DEBUG\UE-NET-DEVICE.OBJ
C:\USERS\ETHAN\DESKTOP\CPE 400 FINAL PROJECT\NS-3-WIN\WINDOWS\DEBUG\UE-PHY.OBJ
C:\USERS\ETHAN\DESKTOP\CPE 400 FINAL PROJECT\NS-3-WIN\WINDOWS\DEBUG\UE-RECORD.OBJ
C:\USERS\ETHAN\DESKTOP\CPE 400 FINAL PROJECT\NS-3-WIN\WINDOWS\DEBUG\UINTEGER.OBJ
C:\USERS\ETHAN\DESKTOP\CPE 400 FINAL PROJECT\NS-3-WIN\WINDOWS\DEBUG\UL-JOB.OBJ
C:\USERS\ETHAN\DESKTOP\CPE 400 FINAL PROJECT\NS-3-WIN\WINDOWS\DEBUG\UL-MAC-MESSAGES.OBJ
C:\USERS\ETHAN\DESKTOP\CPE 400 FINAL PROJECT\NS-3-WIN\WINDOWS\DEBUG\V4PING.OBJ
C:\USERS\ETHAN\DESKTOP\CPE 400 FINAL PROJECT\NS-3-WIN\WINDOWS\DEBUG\V4PING-HELPER.OBJ
C:\Users\Ethan\Desktop\CPE 400 Final Project\ns-3-win\windows\Debug\vc100.idb
C:\USERS\ETHAN\DESKTOP\CPE 400 FINAL PROJECT\NS-3-WIN\WINDOWS\DEBUG\VC100.PDB
C:\USERS\ETHAN\DESKTOP\CPE 400 FINAL PROJECT\NS-3-WIN\WINDOWS\DEBUG\VECTOR.OBJ
C:\USERS\ETHAN\DESKTOP\CPE 400 FINAL PROJECT\NS-3-WIN\WINDOWS\DEBUG\VIRTUAL-NET-DEVICE.LIB
C:\USERS\ETHAN\DESKTOP\CPE 400 FINAL PROJECT\NS-3-WIN\WINDOWS\DEBUG\VIRTUAL-NET-DEVICE.OBJ
C:\Users\Ethan\Desktop\CPE 400 Final Project\ns-3-win\windows\Debug\virtual-net-device.write.1.tlog
C:\USERS\ETHAN\DESKTOP\CPE 400 FINAL PROJECT\NS-3-WIN\WINDOWS\DEBUG\WATCHDOG.OBJ
C:\USERS\ETHAN\DESKTOP\CPE 400 FINAL PROJECT\NS-3-WIN\WINDOWS\DEBUG\WAVEFORM-GENERATOR.OBJ
C:\USERS\ETHAN\DESKTOP\CPE 400 FINAL PROJECT\NS-3-WIN\WINDOWS\DEBUG\WAVEFORM-GENERATOR-HELPER.OBJ
C:\USERS\ETHAN\DESKTOP\CPE 400 FINAL PROJECT\NS-3-WIN\WINDOWS\DEBUG\WAYPOINT.OBJ
C:\USERS\ETHAN\DESKTOP\CPE 400 FINAL PROJECT\NS-3-WIN\WINDOWS\DEBUG\WAYPOINT-MOBILITY-MODEL.OBJ
C:\USERS\ETHAN\DESKTOP\CPE 400 FINAL PROJECT\NS-3-WIN\WINDOWS\DEBUG\WIFI.LIB
C:\Users\Ethan\Desktop\CPE 400 Final Project\ns-3-win\windows\Debug\wifi.write.1.tlog
C:\USERS\ETHAN\DESKTOP\CPE 400 FINAL PROJECT\NS-3-WIN\WINDOWS\DEBUG\WIFI-CHANNEL.OBJ
C:\USERS\ETHAN\DESKTOP\CPE 400 FINAL PROJECT\NS-3-WIN\WINDOWS\DEBUG\WIFI-EXAMPLE-APPS.OBJ
C:\USERS\ETHAN\DESKTOP\CPE 400 FINAL PROJECT\NS-3-WIN\WINDOWS\DEBUG\WIFI-HELPER.OBJ
C:\USERS\ETHAN\DESKTOP\CPE 400 FINAL PROJECT\NS-3-WIN\WINDOWS\DEBUG\WIFI-INFORMATION-ELEMENT.OBJ
C:\USERS\ETHAN\DESKTOP\CPE 400 FINAL PROJECT\NS-3-WIN\WINDOWS\DEBUG\WIFI-INFORMATION-ELEMENT-VECTOR.OBJ
C:\USERS\ETHAN\DESKTOP\CPE 400 FINAL PROJECT\NS-3-WIN\WINDOWS\DEBUG\WIFI-MAC.OBJ
C:\USERS\ETHAN\DESKTOP\CPE 400 FINAL PROJECT\NS-3-WIN\WINDOWS\DEBUG\WIFI-MAC-HEADER.OBJ
C:\USERS\ETHAN\DESKTOP\CPE 400 FINAL PROJECT\NS-3-WIN\WINDOWS\DEBUG\WIFI-MAC-QUEUE.OBJ
C:\USERS\ETHAN\DESKTOP\CPE 400 FINAL PROJECT\NS-3-WIN\WINDOWS\DEBUG\WIFI-MAC-TRAILER.OBJ
C:\USERS\ETHAN\DESKTOP\CPE 400 FINAL PROJECT\NS-3-WIN\WINDOWS\DEBUG\WIFI-MODE.OBJ
C:\USERS\ETHAN\DESKTOP\CPE 400 FINAL PROJECT\NS-3-WIN\WINDOWS\DEBUG\WIFI-NET-DEVICE.OBJ
C:\USERS\ETHAN\DESKTOP\CPE 400 FINAL PROJECT\NS-3-WIN\WINDOWS\DEBUG\WIFI-PHY.OBJ
C:\USERS\ETHAN\DESKTOP\CPE 400 FINAL PROJECT\NS-3-WIN\WINDOWS\DEBUG\WIFI-PHY-STATE-HELPER.OBJ
C:\USERS\ETHAN\DESKTOP\CPE 400 FINAL PROJECT\NS-3-WIN\WINDOWS\DEBUG\WIFI-RADIO-ENERGY-MODEL.OBJ
C:\USERS\ETHAN\DESKTOP\CPE 400 FINAL PROJECT\NS-3-WIN\WINDOWS\DEBUG\WIFI-RADIO-ENERGY-MODEL-HELPER.OBJ
C:\USERS\ETHAN\DESKTOP\CPE 400 FINAL PROJECT\NS-3-WIN\WINDOWS\DEBUG\WIFI-REMOTE-STATION-MANAGER.OBJ
C:\USERS\ETHAN\DESKTOP\CPE 400 FINAL PROJECT\NS-3-WIN\WINDOWS\DEBUG\WIFI-SPECTRUM-VALUE-HELPER.OBJ
C:\USERS\ETHAN\DESKTOP\CPE 400 FINAL PROJECT\NS-3-WIN\WINDOWS\DEBUG\WIMAX.LIB
C:\Users\Ethan\Desktop\CPE 400 Final Project\ns-3-win\windows\Debug\wimax.write.1.tlog
C:\USERS\ETHAN\DESKTOP\CPE 400 FINAL PROJECT\NS-3-WIN\WINDOWS\DEBUG\WIMAX-CHANNEL.OBJ
C:\USERS\ETHAN\DESKTOP\CPE 400 FINAL PROJECT\NS-3-WIN\WINDOWS\DEBUG\WIMAX-CONNECTION.OBJ
C:\USERS\ETHAN\DESKTOP\CPE 400 FINAL PROJECT\NS-3-WIN\WINDOWS\DEBUG\WIMAX-HELPER.OBJ
C:\USERS\ETHAN\DESKTOP\CPE 400 FINAL PROJECT\NS-3-WIN\WINDOWS\DEBUG\WIMAX-MAC-HEADER.OBJ
C:\USERS\ETHAN\DESKTOP\CPE 400 FINAL PROJECT\NS-3-WIN\WINDOWS\DEBUG\WIMAX-MAC-QUEUE.OBJ
C:\USERS\ETHAN\DESKTOP\CPE 400 FINAL PROJECT\NS-3-WIN\WINDOWS\DEBUG\WIMAX-MAC-TO-MAC-HEADER.OBJ
C:\USERS\ETHAN\DESKTOP\CPE 400 FINAL PROJECT\NS-3-WIN\WINDOWS\DEBUG\WIMAX-NET-DEVICE.OBJ
C:\USERS\ETHAN\DESKTOP\CPE 400 FINAL PROJECT\NS-3-WIN\WINDOWS\DEBUG\WIMAX-PHY.OBJ
C:\USERS\ETHAN\DESKTOP\CPE 400 FINAL PROJECT\NS-3-WIN\WINDOWS\DEBUG\WIMAX-TLV.OBJ
C:\USERS\ETHAN\DESKTOP\CPE 400 FINAL PROJECT\NS-3-WIN\WINDOWS\DEBUG\WIN32-SYSTEM-WALL-CLOCK-MS.OBJ
C:\USERS\ETHAN\DESKTOP\CPE 400 FINAL PROJECT\NS-3-WIN\WINDOWS\DEBUG\WINPORT.LIB
C:\USERS\ETHAN\DESKTOP\CPE 400 FINAL PROJECT\NS-3-WIN\WINDOWS\DEBUG\WINPORT.OBJ
C:\Users\Ethan\Desktop\CPE 400 Final Project\ns-3-win\windows\Debug\winport.write.1.tlog
C:\USERS\ETHAN\DESKTOP\CPE 400 FINAL PROJECT\NS-3-WIN\WINDOWS\DEBUG\YANS-ERROR-RATE-MODEL.OBJ
C:\USERS\ETHAN\DESKTOP\CPE 400 FINAL PROJECT\NS-3-WIN\WINDOWS\DEBUG\YANS-WIFI-CHANNEL.OBJ
C:\USERS\ETHAN\DESKTOP\CPE 400 FINAL PROJECT\NS-3-WIN\WINDOWS\DEBUG\YANS-WIFI-HELPER.OBJ
C:\USERS\ETHAN\DESKTOP\CPE 400 FINAL PROJECT\NS-3-WIN\WINDOWS\DEBUG\YANS-WIFI-PHY.OBJ
